[ 2019-04-09T14:03:16+08:00 ] 127.0.0.1 /favicon.ico
INFO: [ app_init ] --START--
INFO: Run Behavior\BuildLiteBehavior [ RunTime:0.000007s ]
INFO: [ app_init ] --END-- [ RunTime:0.000345s ]

[ 2019-04-09T14:10:57+08:00 ] 127.0.0.1 /messenger-front/get?c=nN640gDS6JvPwmlLYBoy4m6OpOBDN2ZggF3Ni6QSj8f%2BDvwRHZ8nz6PbJ1yeUA5WRHxZX8zgwhfgCTmU0AyrGhKkdkRQ7r1EMU80BFgBqZr8PS4W4upEahCAnzABWARxkGwyu5L441hIrObYKP3%2BTJ10D8wd%2Bh5OiorgPWxBoE7oxuWc6pLBaAJi26u2zhlVC2jgUHczCwVig0VjeLjMPUmil5y4%2Fu%2B6FR2eatEuhftfEd83oeiaZBG6FUgLeaVleuoa5oXrSzctqwdxuX8mpShdtAfZzpbz%2BJ6FpS4eTXH7VajfLP%2F8QG%2BGQObjP4qtqlfw%2BdGJgT9VUE535Sc4j6rA6MFqW06XAHq320ghbKH5VwoTWRO4OTbY8Yv5CnSfEo1Kb7Fx%2BOFHRrtpYdiYIVyLXccJIAY3LnfJYZwJ4b9Z4ezIOuUYDxd0eoQRu%2BanfYzh9%2Bvw3JH2Ao0ba557C1tD0xVrzQdyWQzMJnC%2F%2FqB%2FgZglt%2FEVA1%2FX2gRWO7yoOe%2FMMpgSNc83gtXCOjL1Lc57qHdk5iK5KZayYEZkgb97qTg%2B%2FnoDPdn%2FT6ctypL0%2FzAyFyhIkEnxuTLsx%2B4VVk1LKKuO8A9s8Of9BYGs1YMCwGDx5iatKTr0pNkFuFJsQUM6aL51sYa4pPUh1WydPDsHGUVZxrfNBEeDU4rCFmKgEadRbNZT5tIRj9AG20tQko1mn3MQGlKAXtr%2FOghD3g%3D%3D&v=1
INFO: [ app_init ] --START--
INFO: Run Behavior\BuildLiteBehavior [ RunTime:0.000007s ]
INFO: [ app_init ] --END-- [ RunTime:0.000262s ]
ERR: 无法加载模块:Messenger-front

[ 2019-04-09T16:10:57+08:00 ] 127.0.0.1 /messenger-front/get?c=nN640gDS6Jv4BXKeZtymKNLe%2FLYhyvNegSmZF3DmX92J7P%2F9G4ia38XXehk49pQkgBWsCtS%2BBCX51y52Yiz8vl9SPeT5vZZMU7mFoS6MPAkcacwD4YDq6uGzIrUtUk03hRTAbMcfRTPVphxutnK1IREPuzPhuvBVDG%2BgVqdm%2F%2BZrr9MZzq0N0betg6PQ3t%2BlhZ0kaTlIrhK5uSg%2F15WvjWHVhHNtMCpVQFCQhKyzJ61IMZTXF%2FmRMBx5peXcYyBAKS8KdBh9vXIJmiQpVKzxDqs8xOKvdlpmnPHrI8AzTJE7vfnQ4YGqONRGoVC2hhyjanpTAx9r8rJ7oi7Z8bNA0jyC3L1%2FtluGtL6kyTz8kVnRsxgMQyZiEkBUPt5BBJl3YS%2BJpe36SLG7diYuxw3Ednof%2Bo91B9dmRQ9UThPdZkAzQ7%2BlDjTlpqPzXo3AH4W1mwB1nvq7wx7UnDVOEo%2FbKg4hexH1PaiL%2FxGcRRdl9ZshUi410%2BCaPZLL%2FFBROjPb7IWaKiMPK21quBYxwZ6y6x%2FOVfkb4s73bOZtFzg6tPfb8%2BU5Vv8GTkXFfkXLibw1QveNAUoHsM6%2FWOfy5fh%2F0NT90mbbOpMdDIPeTqgQFy2MOd3EfH2KNsvUNF6CL4LojBtz9V%2Bxm58Ds5c6nfRhmOc35ohnsV79s1WkCu8WDlLriiIqjXke%2BcJaSUw82eSwznIfdiIA32YAEPCQjYBOJs5KnJ6yfuJN&v=1
INFO: [ app_init ] --START--
INFO: Run Behavior\BuildLiteBehavior [ RunTime:0.000006s ]
INFO: [ app_init ] --END-- [ RunTime:0.000267s ]
ERR: 无法加载模块:Messenger-front

[ 2019-04-09T19:11:55+08:00 ] 127.0.0.1 /messenger-front/get?c=nN640gDS6JvhLGVcrlwz0bCRKXVHrYH%2FaQAyyzd3n2EbhMNDqGBFxgtZV2dMc2Q1uyAKSTrV5jxQxUm13WigbJMg96HaRL2cTB7QK6BGuerVU6%2Bw8sP1wCTenycrSkpg9jJcWf2q6hirkwLw3xMQiydLYQMkpcN6jjs7ptGzmp7osxJFE2lp6%2FFiPpsxR5hoiC%2Bdeu3zaQNRIyMFE2Fc0%2B1NT7FQ1FwUoeogErhzUxbhic0pA3ImrA0UrX9Rqb3Yg36e9gfnqAxYmausEaFO2MbIDgKjitSzANj663NhCKVecOfHjAAf9sLyjBc13VUxgYgIF%2FRMr1opaYrUaqE1ihrzf5MaFH%2FK%2BWWKwMpe0Ejy5C1EiVHfMZhdE%2Bw6grY9I1vosz3NUks5bkn7trFoWWhQxKFhLAcBLMWjzH1qgsSGlAH8mq1iE0jGD4gU380OyqA9fcz6HiGYvY91Fr2YSFlrwE5Oa9ZZHVCnAMmohuRyRWD9H7PW6nhz3kSv24cMCWBrCF3nBH%2BXZfhzV448L%2FBWtO61BLrqYfqNyygw1dejAJtlWMoa3Ium0S%2FhmM73gCpFEiWf2WyKNL4GCHnhfFwVijfQr8RJYFYXQPBZz8qlbcFQXHPyRg5a%2BZEQHUUhz9HuQ%2FHw2pHUhpuOUmkcUmvVBvvCBYvH5q7pGsBIctVV0KSgqvSblfzQ%2BWRlovt%2BfmNPODjbUhHaTcStGeYP%2Bw%3D%3D&v=1
INFO: [ app_init ] --START--
INFO: Run Behavior\BuildLiteBehavior [ RunTime:0.014082s ]
INFO: [ app_init ] --END-- [ RunTime:0.025412s ]
ERR: 无法加载模块:Messenger-front

[ 2019-04-09T19:33:05+08:00 ] 127.0.0.1 /favicon.ico
INFO: [ app_init ] --START--
INFO: Run Behavior\BuildLiteBehavior [ RunTime:0.000008s ]
INFO: [ app_init ] --END-- [ RunTime:0.000422s ]

[ 2019-04-09T21:11:55+08:00 ] 127.0.0.1 /messenger-front/get?c=nN640gDS6JvKG8V%2Bf0nn%2Bo9GC0NZqce6I3ewwJVuOlEQ9B%2BsD5bOCmkPmYID%2F2ag0GuC3AX%2FEijI2Z6002hwWUtYBzCrlkEf1e28TzLJm8Kqa3lcSqi9TgAz2CO1mUBrJ9x65QSmN4oEracGPnQTYXWJZR5pZo%2BvwKln%2BkkbNJYPe1ZWSTIZQzEZKR2xztMxbfZtCliWlI88S1wk9J%2Ff%2FruBzMab1nJwoOKo3VgQ3PSInWlZODsFo9kNQQ9e1jGOKCkCdKcG%2FqSviTgAwJbqQNrTCdkJU2pA3mI0wlXOgij62tnUyOKQXvqdwiGvw0VfLmUh4J20YEcY0wAwnnjSCR1ysJc6%2B58gGLU1NgrowZKFpWFlO0mllJsdGqiWLIMM6P1itYTl5vakNf%2Bri15%2Bpj7M1Cbnug7rFkEV%2Bqh0dVQG%2B5HrNl6DckX%2FiCH4wb47xzZ7gDdhyQgzyeqlFquWzYaNq9jwcHKN3h4c6yENAOk2gsARt8vmoC0CYcdRdNjmgy5dtN26CnPrxLzYnepv6a2BChZdry%2BuHS2Q%2ByN6mGPaLbyVZF4ucz0EpXigogwUERn8Cawo4qA5I75b6T%2F9RmkXmpwGo3Gy8LAXbG%2BAUbwUM8v%2FX4bitcl3P5xFiDaCogJA%2Bi9j2zv7fFlB3DfyzVulbP%2B75vGjJyknL2SGG62aewN7igUMEOyE7r1QXLwlWQzqGf3FYH81YTQyPMbNACgf4wwFzieP&v=1
INFO: [ app_init ] --START--
INFO: Run Behavior\BuildLiteBehavior [ RunTime:0.000005s ]
INFO: [ app_init ] --END-- [ RunTime:0.000264s ]
ERR: 无法加载模块:Messenger-front

[ 2019-04-09T21:36:52+08:00 ] 127.0.0.1 /Public/Uploads/20190409/sm_5cac967161800.jpg
INFO: [ app_init ] --START--
INFO: Run Behavior\BuildLiteBehavior [ RunTime:0.000012s ]
INFO: [ app_init ] --END-- [ RunTime:0.000281s ]

[ 2019-04-09T21:43:26+08:00 ] 127.0.0.1 /Public/Uploads/20190409/sm_5cac967161800.jpg
INFO: [ app_init ] --START--
INFO: Run Behavior\BuildLiteBehavior [ RunTime:0.000007s ]
INFO: [ app_init ] --END-- [ RunTime:0.000352s ]

[ 2019-04-09T21:43:26+08:00 ] 127.0.0.1 /Public/Uploads/20190409/sm_5cac967161800.jpg
INFO: [ app_init ] --START--
INFO: Run Behavior\BuildLiteBehavior [ RunTime:0.000006s ]
INFO: [ app_init ] --END-- [ RunTime:0.000340s ]

[ 2019-04-09T21:43:26+08:00 ] 127.0.0.1 /Public/Uploads/20190409/sm_5cac967161800.jpg
INFO: [ app_init ] --START--
INFO: Run Behavior\BuildLiteBehavior [ RunTime:0.000014s ]
INFO: [ app_init ] --END-- [ RunTime:0.000553s ]

[ 2019-04-09T21:43:26+08:00 ] 127.0.0.1 /Public/Uploads/20190409/sm_5cac967161800.jpg
INFO: [ app_init ] --START--
INFO: Run Behavior\BuildLiteBehavior [ RunTime:0.000010s ]
INFO: [ app_init ] --END-- [ RunTime:0.000396s ]

[ 2019-04-09T21:43:26+08:00 ] 127.0.0.1 /Public/Uploads/20190409/sm_5cac967161800.jpg
INFO: [ app_init ] --START--
INFO: Run Behavior\BuildLiteBehavior [ RunTime:0.000007s ]
INFO: [ app_init ] --END-- [ RunTime:0.000343s ]

[ 2019-04-09T21:43:27+08:00 ] 127.0.0.1 /Public/Uploads/20190409/sm_5cac967161800.jpg
INFO: [ app_init ] --START--
INFO: Run Behavior\BuildLiteBehavior [ RunTime:0.000006s ]
INFO: [ app_init ] --END-- [ RunTime:0.000241s ]

[ 2019-04-09T21:43:27+08:00 ] 127.0.0.1 /Public/Uploads/20190409/sm_5cac967161800.jpg
INFO: [ app_init ] --START--
INFO: Run Behavior\BuildLiteBehavior [ RunTime:0.000007s ]
INFO: [ app_init ] --END-- [ RunTime:0.000250s ]

[ 2019-04-09T21:43:27+08:00 ] 127.0.0.1 /Public/Uploads/20190409/sm_5cac967161800.jpg
INFO: [ app_init ] --START--
INFO: Run Behavior\BuildLiteBehavior [ RunTime:0.000007s ]
INFO: [ app_init ] --END-- [ RunTime:0.000317s ]

[ 2019-04-09T21:43:27+08:00 ] 127.0.0.1 /Public/Uploads/20190409/sm_5cac967161800.jpg
INFO: [ app_init ] --START--
INFO: Run Behavior\BuildLiteBehavior [ RunTime:0.000009s ]
INFO: [ app_init ] --END-- [ RunTime:0.000421s ]

[ 2019-04-09T21:43:34+08:00 ] 127.0.0.1 /Public/Uploads/20190409/sm_5cac967161800.jpg
INFO: [ app_init ] --START--
INFO: Run Behavior\BuildLiteBehavior [ RunTime:0.000010s ]
INFO: [ app_init ] --END-- [ RunTime:0.000477s ]

[ 2019-04-09T21:44:44+08:00 ] 127.0.0.1 /Public/Uploads/20190409/sm_5cac967161800.jpg
INFO: [ app_init ] --START--
INFO: Run Behavior\BuildLiteBehavior [ RunTime:0.000005s ]
INFO: [ app_init ] --END-- [ RunTime:0.000242s ]

[ 2019-04-09T21:45:25+08:00 ] 127.0.0.1 /Public/Uploads/20190409/sm_5cac967161800.jpg
INFO: [ app_init ] --START--
INFO: Run Behavior\BuildLiteBehavior [ RunTime:0.000009s ]
INFO: [ app_init ] --END-- [ RunTime:0.000321s ]

[ 2019-04-09T21:51:09+08:00 ] 127.0.0.1 /Public/Uploads/20190409/sm_5cac967161800.jpg
INFO: [ app_init ] --START--
INFO: Run Behavior\BuildLiteBehavior [ RunTime:0.000010s ]
INFO: [ app_init ] --END-- [ RunTime:0.000438s ]

[ 2019-04-09T21:56:57+08:00 ] 127.0.0.1 /Public/Uploads/20190409/sm_5cac967161800.jpg
INFO: [ app_init ] --START--
INFO: Run Behavior\BuildLiteBehavior [ RunTime:0.000013s ]
INFO: [ app_init ] --END-- [ RunTime:0.000562s ]

[ 2019-04-09T21:57:06+08:00 ] 127.0.0.1 /Public/Uploads/20190409/sm_5cac967161800.jpg
INFO: [ app_init ] --START--
INFO: Run Behavior\BuildLiteBehavior [ RunTime:0.000008s ]
INFO: [ app_init ] --END-- [ RunTime:0.000377s ]

[ 2019-04-09T21:57:31+08:00 ] 127.0.0.1 /Public/Uploads/20190409/sm_5cac967161800.jpg
INFO: [ app_init ] --START--
INFO: Run Behavior\BuildLiteBehavior [ RunTime:0.000009s ]
INFO: [ app_init ] --END-- [ RunTime:0.000391s ]

[ 2019-04-09T21:57:38+08:00 ] 127.0.0.1 /Public/Uploads/20190409/sm_5cac967161800.jpg
INFO: [ app_init ] --START--
INFO: Run Behavior\BuildLiteBehavior [ RunTime:0.000010s ]
INFO: [ app_init ] --END-- [ RunTime:0.000472s ]

[ 2019-04-09T22:04:41+08:00 ] 127.0.0.1 /insert.html
INFO: [ app_init ] --START--
INFO: Run Behavior\BuildLiteBehavior [ RunTime:0.000006s ]
INFO: [ app_init ] --END-- [ RunTime:0.000293s ]
ERR: 无法加载模块:Insert

[ 2019-04-09T22:20:35+08:00 ] 127.0.0.1 /favicon.ico
INFO: [ app_init ] --START--
INFO: Run Behavior\BuildLiteBehavior [ RunTime:0.000022s ]
INFO: [ app_init ] --END-- [ RunTime:0.000557s ]

