[ 2019-04-15T10:47:19+08:00 ] 127.0.0.1 /Public/static/image/common/background.png
INFO: [ app_init ] --START--
INFO: Run Behavior\BuildLiteBehavior [ RunTime:0.000011s ]
INFO: [ app_init ] --END-- [ RunTime:0.000495s ]

[ 2019-04-15T10:47:20+08:00 ] 127.0.0.1 /favicon.ico
INFO: [ app_init ] --START--
INFO: Run Behavior\BuildLiteBehavior [ RunTime:0.000020s ]
INFO: [ app_init ] --END-- [ RunTime:0.000533s ]

[ 2019-04-15T11:48:57+08:00 ] 127.0.0.1 /Public/static/image/common/px.png
INFO: [ app_init ] --START--
INFO: Run Behavior\BuildLiteBehavior [ RunTime:0.000032s ]
INFO: [ app_init ] --END-- [ RunTime:0.000616s ]

[ 2019-04-15T11:55:27+08:00 ] 127.0.0.1 /Public/static/image/common/px.png
INFO: [ app_init ] --START--
INFO: Run Behavior\BuildLiteBehavior [ RunTime:0.000011s ]
INFO: [ app_init ] --END-- [ RunTime:0.000936s ]

[ 2019-04-15T11:56:10+08:00 ] 127.0.0.1 /Public/static/image/common/px.png
INFO: [ app_init ] --START--
INFO: Run Behavior\BuildLiteBehavior [ RunTime:0.000011s ]
INFO: [ app_init ] --END-- [ RunTime:0.000435s ]

[ 2019-04-15T11:57:46+08:00 ] 127.0.0.1 /Public/static/image/common/px.png
INFO: [ app_init ] --START--
INFO: Run Behavior\BuildLiteBehavior [ RunTime:0.000009s ]
INFO: [ app_init ] --END-- [ RunTime:0.000397s ]

[ 2019-04-15T11:58:24+08:00 ] 127.0.0.1 /Public/static/image/common/px.png
INFO: [ app_init ] --START--
INFO: Run Behavior\BuildLiteBehavior [ RunTime:0.000010s ]
INFO: [ app_init ] --END-- [ RunTime:0.001686s ]

[ 2019-04-15T11:59:10+08:00 ] 127.0.0.1 /Public/static/image/common/px.png
INFO: [ app_init ] --START--
INFO: Run Behavior\BuildLiteBehavior [ RunTime:0.000010s ]
INFO: [ app_init ] --END-- [ RunTime:0.000502s ]

[ 2019-04-15T12:06:28+08:00 ] 127.0.0.1 /images/pn_post.png
INFO: [ app_init ] --START--
INFO: Run Behavior\BuildLiteBehavior [ RunTime:0.000009s ]
INFO: [ app_init ] --END-- [ RunTime:0.000429s ]

[ 2019-04-15T12:06:28+08:00 ] 127.0.0.1 /images/20080926_9b2baec56b95a9ae46ab8ir8uBrEJQjx.gif
INFO: [ app_init ] --START--
INFO: Run Behavior\BuildLiteBehavior [ RunTime:0.000008s ]
INFO: [ app_init ] --END-- [ RunTime:0.000462s ]

[ 2019-04-15T12:07:38+08:00 ] 127.0.0.1 /images/pn_post.png
INFO: [ app_init ] --START--
INFO: Run Behavior\BuildLiteBehavior [ RunTime:0.000009s ]
INFO: [ app_init ] --END-- [ RunTime:0.000462s ]

[ 2019-04-15T12:11:57+08:00 ] 127.0.0.1 /images/pn_post.png
INFO: [ app_init ] --START--
INFO: Run Behavior\BuildLiteBehavior [ RunTime:0.000009s ]
INFO: [ app_init ] --END-- [ RunTime:0.000414s ]

[ 2019-04-15T12:12:44+08:00 ] 127.0.0.1 /images/pn_post.png
INFO: [ app_init ] --START--
INFO: Run Behavior\BuildLiteBehavior [ RunTime:0.000010s ]
INFO: [ app_init ] --END-- [ RunTime:0.000493s ]

[ 2019-04-15T12:12:44+08:00 ] 127.0.0.1 /images/pn_post.png
INFO: [ app_init ] --START--
INFO: Run Behavior\BuildLiteBehavior [ RunTime:0.000012s ]
INFO: [ app_init ] --END-- [ RunTime:0.000755s ]

[ 2019-04-15T12:12:44+08:00 ] 127.0.0.1 /images/pn_post.png
INFO: [ app_init ] --START--
INFO: Run Behavior\BuildLiteBehavior [ RunTime:0.000010s ]
INFO: [ app_init ] --END-- [ RunTime:0.000373s ]

[ 2019-04-15T12:12:45+08:00 ] 127.0.0.1 /images/pn_post.png
INFO: [ app_init ] --START--
INFO: Run Behavior\BuildLiteBehavior [ RunTime:0.000013s ]
INFO: [ app_init ] --END-- [ RunTime:0.000434s ]

[ 2019-04-15T12:12:45+08:00 ] 127.0.0.1 /images/pn_post.png
INFO: [ app_init ] --START--
INFO: Run Behavior\BuildLiteBehavior [ RunTime:0.000009s ]
INFO: [ app_init ] --END-- [ RunTime:0.000389s ]

[ 2019-04-15T12:13:59+08:00 ] 127.0.0.1 /images/pn_post.png
INFO: [ app_init ] --START--
INFO: Run Behavior\BuildLiteBehavior [ RunTime:0.000013s ]
INFO: [ app_init ] --END-- [ RunTime:0.000728s ]

[ 2019-04-15T12:14:57+08:00 ] 127.0.0.1 /images/pn_post.png
INFO: [ app_init ] --START--
INFO: Run Behavior\BuildLiteBehavior [ RunTime:0.000009s ]
INFO: [ app_init ] --END-- [ RunTime:0.000453s ]

[ 2019-04-15T12:14:57+08:00 ] 127.0.0.1 /images/pn_post.png
INFO: [ app_init ] --START--
INFO: Run Behavior\BuildLiteBehavior [ RunTime:0.000012s ]
INFO: [ app_init ] --END-- [ RunTime:0.000968s ]

[ 2019-04-15T12:14:57+08:00 ] 127.0.0.1 /images/pn_post.png
INFO: [ app_init ] --START--
INFO: Run Behavior\BuildLiteBehavior [ RunTime:0.000015s ]
INFO: [ app_init ] --END-- [ RunTime:0.000496s ]

[ 2019-04-15T12:14:58+08:00 ] 127.0.0.1 /images/pn_post.png
INFO: [ app_init ] --START--
INFO: Run Behavior\BuildLiteBehavior [ RunTime:0.000009s ]
INFO: [ app_init ] --END-- [ RunTime:0.000690s ]

[ 2019-04-15T12:14:58+08:00 ] 127.0.0.1 /images/pn_post.png
INFO: [ app_init ] --START--
INFO: Run Behavior\BuildLiteBehavior [ RunTime:0.000009s ]
INFO: [ app_init ] --END-- [ RunTime:0.000442s ]

[ 2019-04-15T12:14:58+08:00 ] 127.0.0.1 /images/pn_post.png
INFO: [ app_init ] --START--
INFO: Run Behavior\BuildLiteBehavior [ RunTime:0.000007s ]
INFO: [ app_init ] --END-- [ RunTime:0.000465s ]

[ 2019-04-15T12:14:58+08:00 ] 127.0.0.1 /images/pn_post.png
INFO: [ app_init ] --START--
INFO: Run Behavior\BuildLiteBehavior [ RunTime:0.000007s ]
INFO: [ app_init ] --END-- [ RunTime:0.000440s ]

[ 2019-04-15T12:14:58+08:00 ] 127.0.0.1 /images/pn_post.png
INFO: [ app_init ] --START--
INFO: Run Behavior\BuildLiteBehavior [ RunTime:0.000009s ]
INFO: [ app_init ] --END-- [ RunTime:0.000470s ]

[ 2019-04-15T12:14:59+08:00 ] 127.0.0.1 /images/pn_post.png
INFO: [ app_init ] --START--
INFO: Run Behavior\BuildLiteBehavior [ RunTime:0.000010s ]
INFO: [ app_init ] --END-- [ RunTime:0.000443s ]

[ 2019-04-15T12:15:00+08:00 ] 127.0.0.1 /images/pn_post.png
INFO: [ app_init ] --START--
INFO: Run Behavior\BuildLiteBehavior [ RunTime:0.000008s ]
INFO: [ app_init ] --END-- [ RunTime:0.000374s ]

[ 2019-04-15T12:15:18+08:00 ] 127.0.0.1 /images/pn_post.png
INFO: [ app_init ] --START--
INFO: Run Behavior\BuildLiteBehavior [ RunTime:0.000015s ]
INFO: [ app_init ] --END-- [ RunTime:0.000572s ]

[ 2019-04-15T12:15:19+08:00 ] 127.0.0.1 /images/pn_post.png
INFO: [ app_init ] --START--
INFO: Run Behavior\BuildLiteBehavior [ RunTime:0.000010s ]
INFO: [ app_init ] --END-- [ RunTime:0.000458s ]

[ 2019-04-15T12:15:20+08:00 ] 127.0.0.1 /images/pn_post.png
INFO: [ app_init ] --START--
INFO: Run Behavior\BuildLiteBehavior [ RunTime:0.000012s ]
INFO: [ app_init ] --END-- [ RunTime:0.000565s ]

[ 2019-04-15T12:15:32+08:00 ] 127.0.0.1 /images/pn_post.png
INFO: [ app_init ] --START--
INFO: Run Behavior\BuildLiteBehavior [ RunTime:0.000009s ]
INFO: [ app_init ] --END-- [ RunTime:0.000602s ]

[ 2019-04-15T12:15:32+08:00 ] 127.0.0.1 /images/pn_post.png
INFO: [ app_init ] --START--
INFO: Run Behavior\BuildLiteBehavior [ RunTime:0.000009s ]
INFO: [ app_init ] --END-- [ RunTime:0.000426s ]

[ 2019-04-15T12:15:32+08:00 ] 127.0.0.1 /images/pn_post.png
INFO: [ app_init ] --START--
INFO: Run Behavior\BuildLiteBehavior [ RunTime:0.000007s ]
INFO: [ app_init ] --END-- [ RunTime:0.000375s ]

[ 2019-04-15T12:15:33+08:00 ] 127.0.0.1 /images/pn_post.png
INFO: [ app_init ] --START--
INFO: Run Behavior\BuildLiteBehavior [ RunTime:0.000011s ]
INFO: [ app_init ] --END-- [ RunTime:0.000534s ]

[ 2019-04-15T12:15:33+08:00 ] 127.0.0.1 /images/pn_post.png
INFO: [ app_init ] --START--
INFO: Run Behavior\BuildLiteBehavior [ RunTime:0.000007s ]
INFO: [ app_init ] --END-- [ RunTime:0.000353s ]

[ 2019-04-15T12:15:33+08:00 ] 127.0.0.1 /images/pn_post.png
INFO: [ app_init ] --START--
INFO: Run Behavior\BuildLiteBehavior [ RunTime:0.000015s ]
INFO: [ app_init ] --END-- [ RunTime:0.001432s ]

[ 2019-04-15T12:15:34+08:00 ] 127.0.0.1 /images/pn_post.png
INFO: [ app_init ] --START--
INFO: Run Behavior\BuildLiteBehavior [ RunTime:0.000009s ]
INFO: [ app_init ] --END-- [ RunTime:0.000435s ]

[ 2019-04-15T12:15:35+08:00 ] 127.0.0.1 /images/pn_post.png
INFO: [ app_init ] --START--
INFO: Run Behavior\BuildLiteBehavior [ RunTime:0.000010s ]
INFO: [ app_init ] --END-- [ RunTime:0.000684s ]

[ 2019-04-15T12:16:23+08:00 ] 127.0.0.1 /images/pn_post.png
INFO: [ app_init ] --START--
INFO: Run Behavior\BuildLiteBehavior [ RunTime:0.000014s ]
INFO: [ app_init ] --END-- [ RunTime:0.000571s ]

[ 2019-04-15T12:16:24+08:00 ] 127.0.0.1 /images/pn_post.png
INFO: [ app_init ] --START--
INFO: Run Behavior\BuildLiteBehavior [ RunTime:0.000010s ]
INFO: [ app_init ] --END-- [ RunTime:0.000460s ]

[ 2019-04-15T12:17:08+08:00 ] 127.0.0.1 /images/pn_post.png
INFO: [ app_init ] --START--
INFO: Run Behavior\BuildLiteBehavior [ RunTime:0.000016s ]
INFO: [ app_init ] --END-- [ RunTime:0.000520s ]

[ 2019-04-15T14:04:22+08:00 ] 127.0.0.1 /favicon.ico
INFO: [ app_init ] --START--
INFO: Run Behavior\BuildLiteBehavior [ RunTime:0.000009s ]
INFO: [ app_init ] --END-- [ RunTime:0.000488s ]

[ 2019-04-15T14:04:51+08:00 ] 127.0.0.1 /images/pn_post.png
INFO: [ app_init ] --START--
INFO: Run Behavior\BuildLiteBehavior [ RunTime:0.000009s ]
INFO: [ app_init ] --END-- [ RunTime:0.000387s ]

[ 2019-04-15T14:05:45+08:00 ] 127.0.0.1 /images/pn_post.png
INFO: [ app_init ] --START--
INFO: Run Behavior\BuildLiteBehavior [ RunTime:0.000011s ]
INFO: [ app_init ] --END-- [ RunTime:0.000453s ]

[ 2019-04-15T14:18:38+08:00 ] 127.0.0.1 /images/pn_post.png
INFO: [ app_init ] --START--
INFO: Run Behavior\BuildLiteBehavior [ RunTime:0.000011s ]
INFO: [ app_init ] --END-- [ RunTime:0.000492s ]

[ 2019-04-15T14:19:14+08:00 ] 127.0.0.1 /images/pn_post.png
INFO: [ app_init ] --START--
INFO: Run Behavior\BuildLiteBehavior [ RunTime:0.000026s ]
INFO: [ app_init ] --END-- [ RunTime:0.000663s ]

[ 2019-04-15T14:22:27+08:00 ] 127.0.0.1 /images/pn_post.png
INFO: [ app_init ] --START--
INFO: Run Behavior\BuildLiteBehavior [ RunTime:0.000011s ]
INFO: [ app_init ] --END-- [ RunTime:0.000510s ]

[ 2019-04-15T14:22:27+08:00 ] 127.0.0.1 /images/pn_post.png
INFO: [ app_init ] --START--
INFO: Run Behavior\BuildLiteBehavior [ RunTime:0.000011s ]
INFO: [ app_init ] --END-- [ RunTime:0.000378s ]

[ 2019-04-15T14:22:27+08:00 ] 127.0.0.1 /images/pn_post.png
INFO: [ app_init ] --START--
INFO: Run Behavior\BuildLiteBehavior [ RunTime:0.000016s ]
INFO: [ app_init ] --END-- [ RunTime:0.000903s ]

[ 2019-04-15T14:22:28+08:00 ] 127.0.0.1 /images/pn_post.png
INFO: [ app_init ] --START--
INFO: Run Behavior\BuildLiteBehavior [ RunTime:0.000012s ]
INFO: [ app_init ] --END-- [ RunTime:0.000532s ]

[ 2019-04-15T14:22:28+08:00 ] 127.0.0.1 /images/pn_post.png
INFO: [ app_init ] --START--
INFO: Run Behavior\BuildLiteBehavior [ RunTime:0.000011s ]
INFO: [ app_init ] --END-- [ RunTime:0.000472s ]

[ 2019-04-15T14:22:28+08:00 ] 127.0.0.1 /images/pn_post.png
INFO: [ app_init ] --START--
INFO: Run Behavior\BuildLiteBehavior [ RunTime:0.000010s ]
INFO: [ app_init ] --END-- [ RunTime:0.000387s ]

[ 2019-04-15T14:22:28+08:00 ] 127.0.0.1 /images/pn_post.png
INFO: [ app_init ] --START--
INFO: Run Behavior\BuildLiteBehavior [ RunTime:0.000010s ]
INFO: [ app_init ] --END-- [ RunTime:0.000479s ]

[ 2019-04-15T14:22:28+08:00 ] 127.0.0.1 /images/pn_post.png
INFO: [ app_init ] --START--
INFO: Run Behavior\BuildLiteBehavior [ RunTime:0.000011s ]
INFO: [ app_init ] --END-- [ RunTime:0.000769s ]

[ 2019-04-15T14:22:29+08:00 ] 127.0.0.1 /images/pn_post.png
INFO: [ app_init ] --START--
INFO: Run Behavior\BuildLiteBehavior [ RunTime:0.000019s ]
INFO: [ app_init ] --END-- [ RunTime:0.000655s ]

[ 2019-04-15T14:22:30+08:00 ] 127.0.0.1 /images/pn_post.png
INFO: [ app_init ] --START--
INFO: Run Behavior\BuildLiteBehavior [ RunTime:0.000009s ]
INFO: [ app_init ] --END-- [ RunTime:0.000415s ]

[ 2019-04-15T14:22:30+08:00 ] 127.0.0.1 /images/pn_post.png
INFO: [ app_init ] --START--
INFO: Run Behavior\BuildLiteBehavior [ RunTime:0.000005s ]
INFO: [ app_init ] --END-- [ RunTime:0.000333s ]

[ 2019-04-15T14:22:30+08:00 ] 127.0.0.1 /images/pn_post.png
INFO: [ app_init ] --START--
INFO: Run Behavior\BuildLiteBehavior [ RunTime:0.000010s ]
INFO: [ app_init ] --END-- [ RunTime:0.000798s ]

[ 2019-04-15T14:24:50+08:00 ] 127.0.0.1 /images/pn_post.png
INFO: [ app_init ] --START--
INFO: Run Behavior\BuildLiteBehavior [ RunTime:0.000013s ]
INFO: [ app_init ] --END-- [ RunTime:0.000458s ]

[ 2019-04-15T14:24:50+08:00 ] 127.0.0.1 /favicon.ico
INFO: [ app_init ] --START--
INFO: Run Behavior\BuildLiteBehavior [ RunTime:0.000016s ]
INFO: [ app_init ] --END-- [ RunTime:0.000565s ]

[ 2019-04-15T14:24:55+08:00 ] 127.0.0.1 /images/pn_post.png
INFO: [ app_init ] --START--
INFO: Run Behavior\BuildLiteBehavior [ RunTime:0.000012s ]
INFO: [ app_init ] --END-- [ RunTime:0.000471s ]

[ 2019-04-15T14:24:55+08:00 ] 127.0.0.1 /favicon.ico
INFO: [ app_init ] --START--
INFO: Run Behavior\BuildLiteBehavior [ RunTime:0.000013s ]
INFO: [ app_init ] --END-- [ RunTime:0.000557s ]

[ 2019-04-15T14:24:55+08:00 ] 127.0.0.1 /images/pn_post.png
INFO: [ app_init ] --START--
INFO: Run Behavior\BuildLiteBehavior [ RunTime:0.000015s ]
INFO: [ app_init ] --END-- [ RunTime:0.000418s ]

[ 2019-04-15T14:24:55+08:00 ] 127.0.0.1 /favicon.ico
INFO: [ app_init ] --START--
INFO: Run Behavior\BuildLiteBehavior [ RunTime:0.000007s ]
INFO: [ app_init ] --END-- [ RunTime:0.000438s ]

[ 2019-04-15T14:24:56+08:00 ] 127.0.0.1 /images/pn_post.png
INFO: [ app_init ] --START--
INFO: Run Behavior\BuildLiteBehavior [ RunTime:0.000015s ]
INFO: [ app_init ] --END-- [ RunTime:0.000444s ]

[ 2019-04-15T14:24:56+08:00 ] 127.0.0.1 /favicon.ico
INFO: [ app_init ] --START--
INFO: Run Behavior\BuildLiteBehavior [ RunTime:0.000014s ]
INFO: [ app_init ] --END-- [ RunTime:0.000687s ]

[ 2019-04-15T14:24:56+08:00 ] 127.0.0.1 /images/pn_post.png
INFO: [ app_init ] --START--
INFO: Run Behavior\BuildLiteBehavior [ RunTime:0.000009s ]
INFO: [ app_init ] --END-- [ RunTime:0.000349s ]

[ 2019-04-15T14:24:57+08:00 ] 127.0.0.1 /favicon.ico
INFO: [ app_init ] --START--
INFO: Run Behavior\BuildLiteBehavior [ RunTime:0.000006s ]
INFO: [ app_init ] --END-- [ RunTime:0.000265s ]

[ 2019-04-15T14:24:57+08:00 ] 127.0.0.1 /images/pn_post.png
INFO: [ app_init ] --START--
INFO: Run Behavior\BuildLiteBehavior [ RunTime:0.000010s ]
INFO: [ app_init ] --END-- [ RunTime:0.000494s ]

[ 2019-04-15T14:24:57+08:00 ] 127.0.0.1 /favicon.ico
INFO: [ app_init ] --START--
INFO: Run Behavior\BuildLiteBehavior [ RunTime:0.000017s ]
INFO: [ app_init ] --END-- [ RunTime:0.000568s ]

[ 2019-04-15T14:24:58+08:00 ] 127.0.0.1 /images/pn_post.png
INFO: [ app_init ] --START--
INFO: Run Behavior\BuildLiteBehavior [ RunTime:0.000015s ]
INFO: [ app_init ] --END-- [ RunTime:0.000645s ]

[ 2019-04-15T14:24:58+08:00 ] 127.0.0.1 /favicon.ico
INFO: [ app_init ] --START--
INFO: Run Behavior\BuildLiteBehavior [ RunTime:0.000006s ]
INFO: [ app_init ] --END-- [ RunTime:0.000358s ]

[ 2019-04-15T14:24:59+08:00 ] 127.0.0.1 /images/pn_post.png
INFO: [ app_init ] --START--
INFO: Run Behavior\BuildLiteBehavior [ RunTime:0.000008s ]
INFO: [ app_init ] --END-- [ RunTime:0.000379s ]

[ 2019-04-15T14:24:59+08:00 ] 127.0.0.1 /favicon.ico
INFO: [ app_init ] --START--
INFO: Run Behavior\BuildLiteBehavior [ RunTime:0.000011s ]
INFO: [ app_init ] --END-- [ RunTime:0.000549s ]

[ 2019-04-15T14:24:59+08:00 ] 127.0.0.1 /images/pn_post.png
INFO: [ app_init ] --START--
INFO: Run Behavior\BuildLiteBehavior [ RunTime:0.000008s ]
INFO: [ app_init ] --END-- [ RunTime:0.000415s ]

[ 2019-04-15T14:24:59+08:00 ] 127.0.0.1 /favicon.ico
INFO: [ app_init ] --START--
INFO: Run Behavior\BuildLiteBehavior [ RunTime:0.000019s ]
INFO: [ app_init ] --END-- [ RunTime:0.000574s ]

[ 2019-04-15T14:25:58+08:00 ] 127.0.0.1 /images/pn_post.png
INFO: [ app_init ] --START--
INFO: Run Behavior\BuildLiteBehavior [ RunTime:0.000010s ]
INFO: [ app_init ] --END-- [ RunTime:0.000774s ]

[ 2019-04-15T14:25:59+08:00 ] 127.0.0.1 /images/pn_post.png
INFO: [ app_init ] --START--
INFO: Run Behavior\BuildLiteBehavior [ RunTime:0.000018s ]
INFO: [ app_init ] --END-- [ RunTime:0.000536s ]

[ 2019-04-15T14:25:59+08:00 ] 127.0.0.1 /images/pn_post.png
INFO: [ app_init ] --START--
INFO: Run Behavior\BuildLiteBehavior [ RunTime:0.000009s ]
INFO: [ app_init ] --END-- [ RunTime:0.000397s ]

[ 2019-04-15T14:26:00+08:00 ] 127.0.0.1 /images/pn_post.png
INFO: [ app_init ] --START--
INFO: Run Behavior\BuildLiteBehavior [ RunTime:0.000016s ]
INFO: [ app_init ] --END-- [ RunTime:0.006515s ]

[ 2019-04-15T14:26:02+08:00 ] 127.0.0.1 /images/pn_post.png
INFO: [ app_init ] --START--
INFO: Run Behavior\BuildLiteBehavior [ RunTime:0.000008s ]
INFO: [ app_init ] --END-- [ RunTime:0.000369s ]

[ 2019-04-15T14:26:02+08:00 ] 127.0.0.1 /favicon.ico
INFO: [ app_init ] --START--
INFO: Run Behavior\BuildLiteBehavior [ RunTime:0.000012s ]
INFO: [ app_init ] --END-- [ RunTime:0.000756s ]

[ 2019-04-15T14:27:34+08:00 ] 127.0.0.1 /images/pn_post.png
INFO: [ app_init ] --START--
INFO: Run Behavior\BuildLiteBehavior [ RunTime:0.000035s ]
INFO: [ app_init ] --END-- [ RunTime:0.000529s ]

[ 2019-04-15T14:28:25+08:00 ] 127.0.0.1 /images/pn_post.png
INFO: [ app_init ] --START--
INFO: Run Behavior\BuildLiteBehavior [ RunTime:0.000010s ]
INFO: [ app_init ] --END-- [ RunTime:0.000601s ]

[ 2019-04-15T14:38:48+08:00 ] 127.0.0.1 /Public/static/image/common/px.png
INFO: [ app_init ] --START--
INFO: Run Behavior\BuildLiteBehavior [ RunTime:0.000015s ]
INFO: [ app_init ] --END-- [ RunTime:0.000590s ]

[ 2019-04-15T14:41:20+08:00 ] 127.0.0.1 /images/pn_post.png
INFO: [ app_init ] --START--
INFO: Run Behavior\BuildLiteBehavior [ RunTime:0.000011s ]
INFO: [ app_init ] --END-- [ RunTime:0.000540s ]

[ 2019-04-15T14:45:58+08:00 ] 127.0.0.1 /images/pn_post.png
INFO: [ app_init ] --START--
INFO: Run Behavior\BuildLiteBehavior [ RunTime:0.000009s ]
INFO: [ app_init ] --END-- [ RunTime:0.000428s ]

[ 2019-04-15T14:46:01+08:00 ] 127.0.0.1 /images/pn_post.png
INFO: [ app_init ] --START--
INFO: Run Behavior\BuildLiteBehavior [ RunTime:0.000011s ]
INFO: [ app_init ] --END-- [ RunTime:0.000439s ]

[ 2019-04-15T14:46:07+08:00 ] 127.0.0.1 /post.html
INFO: [ app_init ] --START--
INFO: Run Behavior\BuildLiteBehavior [ RunTime:0.000011s ]
INFO: [ app_init ] --END-- [ RunTime:0.000503s ]
ERR: 无法加载模块:Post

[ 2019-04-15T14:46:12+08:00 ] 127.0.0.1 /images/pn_post.png
INFO: [ app_init ] --START--
INFO: Run Behavior\BuildLiteBehavior [ RunTime:0.000008s ]
INFO: [ app_init ] --END-- [ RunTime:0.000387s ]

[ 2019-04-15T14:46:14+08:00 ] 127.0.0.1 /images/pn_post.png
INFO: [ app_init ] --START--
INFO: Run Behavior\BuildLiteBehavior [ RunTime:0.000009s ]
INFO: [ app_init ] --END-- [ RunTime:0.000424s ]

[ 2019-04-15T14:46:18+08:00 ] 127.0.0.1 /images/pn_post.png
INFO: [ app_init ] --START--
INFO: Run Behavior\BuildLiteBehavior [ RunTime:0.000011s ]
INFO: [ app_init ] --END-- [ RunTime:0.000422s ]

[ 2019-04-15T14:46:26+08:00 ] 127.0.0.1 /images/pn_post.png
INFO: [ app_init ] --START--
INFO: Run Behavior\BuildLiteBehavior [ RunTime:0.000015s ]
INFO: [ app_init ] --END-- [ RunTime:0.000828s ]

[ 2019-04-15T14:49:04+08:00 ] 127.0.0.1 /images/pn_post.png
INFO: [ app_init ] --START--
INFO: Run Behavior\BuildLiteBehavior [ RunTime:0.000021s ]
INFO: [ app_init ] --END-- [ RunTime:0.000788s ]

[ 2019-04-15T14:49:13+08:00 ] 127.0.0.1 /images/pn_post.png
INFO: [ app_init ] --START--
INFO: Run Behavior\BuildLiteBehavior [ RunTime:0.000012s ]
INFO: [ app_init ] --END-- [ RunTime:0.000618s ]

[ 2019-04-15T14:49:17+08:00 ] 127.0.0.1 /images/pn_post.png
INFO: [ app_init ] --START--
INFO: Run Behavior\BuildLiteBehavior [ RunTime:0.000010s ]
INFO: [ app_init ] --END-- [ RunTime:0.001419s ]

[ 2019-04-15T14:49:17+08:00 ] 127.0.0.1 /Public/static/image/common/background.png
INFO: [ app_init ] --START--
INFO: Run Behavior\BuildLiteBehavior [ RunTime:0.000011s ]
INFO: [ app_init ] --END-- [ RunTime:0.000565s ]

[ 2019-04-15T14:49:21+08:00 ] 127.0.0.1 /images/pn_post.png
INFO: [ app_init ] --START--
INFO: Run Behavior\BuildLiteBehavior [ RunTime:0.000011s ]
INFO: [ app_init ] --END-- [ RunTime:0.000589s ]

[ 2019-04-15T14:49:21+08:00 ] 127.0.0.1 /Public/static/image/common/background.png
INFO: [ app_init ] --START--
INFO: Run Behavior\BuildLiteBehavior [ RunTime:0.000009s ]
INFO: [ app_init ] --END-- [ RunTime:0.000409s ]

[ 2019-04-15T14:53:57+08:00 ] 127.0.0.1 /images/pn_post.png
INFO: [ app_init ] --START--
INFO: Run Behavior\BuildLiteBehavior [ RunTime:0.000007s ]
INFO: [ app_init ] --END-- [ RunTime:0.000282s ]

[ 2019-04-15T14:54:00+08:00 ] 127.0.0.1 /post.html
INFO: [ app_init ] --START--
INFO: Run Behavior\BuildLiteBehavior [ RunTime:0.000012s ]
INFO: [ app_init ] --END-- [ RunTime:0.000526s ]
ERR: 无法加载模块:Post

[ 2019-04-15T14:54:55+08:00 ] 127.0.0.1 /images/pn_post.png
INFO: [ app_init ] --START--
INFO: Run Behavior\BuildLiteBehavior [ RunTime:0.000009s ]
INFO: [ app_init ] --END-- [ RunTime:0.000445s ]

[ 2019-04-15T14:55:07+08:00 ] 127.0.0.1 /images/pn_post.png
INFO: [ app_init ] --START--
INFO: Run Behavior\BuildLiteBehavior [ RunTime:0.000008s ]
INFO: [ app_init ] --END-- [ RunTime:0.000398s ]

[ 2019-04-15T14:58:48+08:00 ] 127.0.0.1 /images/pn_post.png
INFO: [ app_init ] --START--
INFO: Run Behavior\BuildLiteBehavior [ RunTime:0.000009s ]
INFO: [ app_init ] --END-- [ RunTime:0.000436s ]

[ 2019-04-15T15:04:28+08:00 ] 127.0.0.1 /post.html
INFO: [ app_init ] --START--
INFO: Run Behavior\BuildLiteBehavior [ RunTime:0.000041s ]
INFO: [ app_init ] --END-- [ RunTime:0.000463s ]
ERR: 无法加载模块:Post

[ 2019-04-15T15:12:33+08:00 ] 127.0.0.1 /post.html
INFO: [ app_init ] --START--
INFO: Run Behavior\BuildLiteBehavior [ RunTime:0.000012s ]
INFO: [ app_init ] --END-- [ RunTime:0.000592s ]
ERR: 无法加载模块:Post

[ 2019-04-15T15:13:01+08:00 ] 127.0.0.1 /post.html
INFO: [ app_init ] --START--
INFO: Run Behavior\BuildLiteBehavior [ RunTime:0.000017s ]
INFO: [ app_init ] --END-- [ RunTime:0.000797s ]
ERR: 无法加载模块:Post

[ 2019-04-15T15:15:16+08:00 ] 127.0.0.1 /post.html
INFO: [ app_init ] --START--
INFO: Run Behavior\BuildLiteBehavior [ RunTime:0.000011s ]
INFO: [ app_init ] --END-- [ RunTime:0.000455s ]
ERR: 无法加载模块:Post

[ 2019-04-15T15:15:43+08:00 ] 127.0.0.1 /Public/static/image/common/px.png
INFO: [ app_init ] --START--
INFO: Run Behavior\BuildLiteBehavior [ RunTime:0.000009s ]
INFO: [ app_init ] --END-- [ RunTime:0.000413s ]

[ 2019-04-15T15:32:23+08:00 ] 127.0.0.1 /messenger-front/get?c=nN640gDS6JvLAg0vs3eZFfzc35PDQoVc4u2fvXF4YYL6%2BNK88dYEsuBm%2FCLk3EcL0v3hlORmFCy9702pK0AQ36Xr5UzoiAeqWEwhaVhz9COhTw92mzOSLu8hMGNMmoLkKuPAw2x69K8T9D745WTTaGO0KTY6N%2FIRroSqEpp6mGimE%2F4isbocLCfj2CrJrFg0wR0YufbhrKira23JNi%2BTQhOwY5cez%2FeYonrnOLfa1uoTCQClq%2B8vTBBhqKUHpUVCwxu4PQjU0BZL2uMWH1mQCungxCspYygsg5fq2swC%2FntEyeQcKGVGWzceCm3eLsMMqVVkYh4bFU4T5eEA7yYHQdafHK5Apg04%2FUWytkDk9XWI6TlPSNGvXsTG9%2BpjZ%2BhIVygR5H86WuTsZQagoHMqBKqbquQC6re%2Byws4QwspNxzg%2BnjVE%2BmpipXw5rBi%2Fav0hVy7dK0PlSQKIou19YlfVKeRqF5Wr%2B4cz90dR%2FNRvgMhLBwuKlj2T5CksbVRZfOpKTggAjmenZpN4aBeLn7FXbLZuDgh7VsxOW4CzsLgjnikOtt8azQQ0BzvepeLpGFoFC8lYGDUtiYyUDIP9l2j%2BC%2FHWD50c6jxODWn%2FPm%2FvzZM1OD%2BYfzwyK2SgTQgEJO1%2FO%2FVMGuOIVBZzYCG5OCvfcm78MENCrWbmHoKcNQ%2BF6j0Iy9KxbT2Y8wg6jkOdAKM92uRJDhGjPSW05JrUf9XOg%3D%3D&v=1
INFO: [ app_init ] --START--
INFO: Run Behavior\BuildLiteBehavior [ RunTime:0.000005s ]
INFO: [ app_init ] --END-- [ RunTime:0.000278s ]
ERR: 无法加载模块:Messenger-front

[ 2019-04-15T15:55:05+08:00 ] 127.0.0.1 /images/common/faq.gif
INFO: [ app_init ] --START--
INFO: Run Behavior\BuildLiteBehavior [ RunTime:0.000012s ]
INFO: [ app_init ] --END-- [ RunTime:0.000522s ]

[ 2019-04-15T15:55:05+08:00 ] 127.0.0.1 /images/common/online_admin.gif
INFO: [ app_init ] --START--
INFO: Run Behavior\BuildLiteBehavior [ RunTime:0.000014s ]
INFO: [ app_init ] --END-- [ RunTime:0.000529s ]

[ 2019-04-15T15:55:05+08:00 ] 127.0.0.1 /Public/static/image/common/pn.png
INFO: [ app_init ] --START--
INFO: Run Behavior\BuildLiteBehavior [ RunTime:0.000014s ]
INFO: [ app_init ] --END-- [ RunTime:0.000804s ]

[ 2019-04-15T15:55:05+08:00 ] 127.0.0.1 /images/common/tavatar.gif
INFO: [ app_init ] --START--
INFO: Run Behavior\BuildLiteBehavior [ RunTime:0.000014s ]
INFO: [ app_init ] --END-- [ RunTime:0.002865s ]

[ 2019-04-15T15:55:05+08:00 ] 127.0.0.1 /Public/static/image/common/midavt_shadow.gif
INFO: [ app_init ] --START--
INFO: Run Behavior\BuildLiteBehavior [ RunTime:0.000011s ]
INFO: [ app_init ] --END-- [ RunTime:0.000624s ]

[ 2019-04-15T15:56:11+08:00 ] 127.0.0.1 /Public/static/image/common/pn.png
INFO: [ app_init ] --START--
INFO: Run Behavior\BuildLiteBehavior [ RunTime:0.000029s ]
INFO: [ app_init ] --END-- [ RunTime:0.000671s ]

[ 2019-04-15T15:56:11+08:00 ] 127.0.0.1 /Public/static/image/common/midavt_shadow.gif
INFO: [ app_init ] --START--
INFO: Run Behavior\BuildLiteBehavior [ RunTime:0.000012s ]
INFO: [ app_init ] --END-- [ RunTime:0.000484s ]

[ 2019-04-15T18:42:50+08:00 ] 127.0.0.1 /messenger-front/get?c=nN640gDS6JvhLGVcrlwz0bCRKXVHrYH%2FaQAyyzd3n2EbhMNDqGBFxgtZV2dMc2Q1uyAKSTrV5jxQxUm13WigbJMg96HaRL2cTB7QK6BGuerVU6%2Bw8sP1wCTenycrSkpg9jJcWf2q6hirkwLw3xMQiydLYQMkpcN6jjs7ptGzmp7osxJFE2lp6%2FFiPpsxR5hoiC%2Bdeu3zaQNRIyMFE2Fc0%2B1NT7FQ1FwUoeogErhzUxbhic0pA3ImrA0UrX9Rqb3Yg36e9gfnqAxYmausEaFO2MbIDgKjitSzANj663NhCKVecOfHjAAf9sLyjBc13VUxgYgIF%2FRMr1opaYrUaqE1ihrzf5MaFH%2FK%2BWWKwMpe0Ejy5C1EiVHfMZhdE%2Bw6grY9I1vosz3NUks5bkn7trFoWWhQxKFhLAcBLMWjzH1qgsSGlAH8mq1iE0jGD4gU380OyqA9fcz6HiGYvY91Fr2YSFlrwE5Oa9ZZHVCnAMmohuRyRWD9H7PW6nhz3kSv24cMCWBrCF3nBH%2BXZfhzV448L%2FBWtO61BLrqYfqNyygw1dejAJtlWMoa3Ium0S%2FhmM73gCpFEiWf2WyKNL4GCHnhfFwVijfQr8RJYFYXQPBZz8qlbcFQXHPyRg5a%2BZEQHUUhz9HuQ%2FHw2pHUhpuOUmkcUmvVBvvCBYvH5q7pGsBIctVV0KSgqvSblfzQ%2BWRlovt%2BfmNPODjbUhHaTcStGeYP%2Bw%3D%3D&v=1
INFO: [ app_init ] --START--
INFO: Run Behavior\BuildLiteBehavior [ RunTime:0.013692s ]
INFO: [ app_init ] --END-- [ RunTime:0.047061s ]
ERR: 无法加载模块:Messenger-front

[ 2019-04-15T18:54:54+08:00 ] 127.0.0.1 /favicon.ico
INFO: [ app_init ] --START--
INFO: Run Behavior\BuildLiteBehavior [ RunTime:0.000014s ]
INFO: [ app_init ] --END-- [ RunTime:0.000442s ]

[ 2019-04-15T18:56:02+08:00 ] 127.0.0.1 /Public/static/image/common/midavt_shadow.gif
INFO: [ app_init ] --START--
INFO: Run Behavior\BuildLiteBehavior [ RunTime:0.000012s ]
INFO: [ app_init ] --END-- [ RunTime:0.000457s ]

[ 2019-04-15T18:56:02+08:00 ] 127.0.0.1 /Public/static/image/common/pn.png
INFO: [ app_init ] --START--
INFO: Run Behavior\BuildLiteBehavior [ RunTime:0.000012s ]
INFO: [ app_init ] --END-- [ RunTime:0.000498s ]

[ 2019-04-15T19:08:10+08:00 ] 127.0.0.1 /Public/static/image/common/pn.png
INFO: [ app_init ] --START--
INFO: Run Behavior\BuildLiteBehavior [ RunTime:0.000007s ]
INFO: [ app_init ] --END-- [ RunTime:0.000336s ]

[ 2019-04-15T19:08:10+08:00 ] 127.0.0.1 /Public/static/image/common/midavt_shadow.gif
INFO: [ app_init ] --START--
INFO: Run Behavior\BuildLiteBehavior [ RunTime:0.000008s ]
INFO: [ app_init ] --END-- [ RunTime:0.000430s ]

[ 2019-04-15T19:08:51+08:00 ] 127.0.0.1 /Public/static/image/common/pn.png
INFO: [ app_init ] --START--
INFO: Run Behavior\BuildLiteBehavior [ RunTime:0.000011s ]
INFO: [ app_init ] --END-- [ RunTime:0.000449s ]

[ 2019-04-15T19:08:51+08:00 ] 127.0.0.1 /Public/static/image/common/midavt_shadow.gif
INFO: [ app_init ] --START--
INFO: Run Behavior\BuildLiteBehavior [ RunTime:0.000012s ]
INFO: [ app_init ] --END-- [ RunTime:0.000401s ]

[ 2019-04-15T19:09:02+08:00 ] 127.0.0.1 /Public/static/image/common/pn.png
INFO: [ app_init ] --START--
INFO: Run Behavior\BuildLiteBehavior [ RunTime:0.000011s ]
INFO: [ app_init ] --END-- [ RunTime:0.000421s ]

[ 2019-04-15T19:09:02+08:00 ] 127.0.0.1 /Public/static/image/common/midavt_shadow.gif
INFO: [ app_init ] --START--
INFO: Run Behavior\BuildLiteBehavior [ RunTime:0.000013s ]
INFO: [ app_init ] --END-- [ RunTime:0.000453s ]

[ 2019-04-15T19:10:49+08:00 ] 127.0.0.1 /Public/static/image/common/pn.png
INFO: [ app_init ] --START--
INFO: Run Behavior\BuildLiteBehavior [ RunTime:0.000010s ]
INFO: [ app_init ] --END-- [ RunTime:0.000500s ]

[ 2019-04-15T19:10:49+08:00 ] 127.0.0.1 /Public/static/image/common/midavt_shadow.gif
INFO: [ app_init ] --START--
INFO: Run Behavior\BuildLiteBehavior [ RunTime:0.000013s ]
INFO: [ app_init ] --END-- [ RunTime:0.000597s ]

[ 2019-04-15T19:11:12+08:00 ] 127.0.0.1 /Public/static/image/common/midavt_shadow.gif
INFO: [ app_init ] --START--
INFO: Run Behavior\BuildLiteBehavior [ RunTime:0.000016s ]
INFO: [ app_init ] --END-- [ RunTime:0.001011s ]

[ 2019-04-15T19:11:12+08:00 ] 127.0.0.1 /Public/static/image/common/pn.png
INFO: [ app_init ] --START--
INFO: Run Behavior\BuildLiteBehavior [ RunTime:0.000013s ]
INFO: [ app_init ] --END-- [ RunTime:0.000534s ]

[ 2019-04-15T19:20:15+08:00 ] 127.0.0.1 /Public/static/image/common/midavt_shadow.gif
INFO: [ app_init ] --START--
INFO: Run Behavior\BuildLiteBehavior [ RunTime:0.000040s ]
INFO: [ app_init ] --END-- [ RunTime:0.000573s ]

[ 2019-04-15T19:21:07+08:00 ] 127.0.0.1 /Public/static/image/common/pn.png
INFO: [ app_init ] --START--
INFO: Run Behavior\BuildLiteBehavior [ RunTime:0.000010s ]
INFO: [ app_init ] --END-- [ RunTime:0.000439s ]

[ 2019-04-15T19:21:07+08:00 ] 127.0.0.1 /Public/static/image/common/midavt_shadow.gif
INFO: [ app_init ] --START--
INFO: Run Behavior\BuildLiteBehavior [ RunTime:0.000009s ]
INFO: [ app_init ] --END-- [ RunTime:0.000468s ]

[ 2019-04-15T19:21:58+08:00 ] 127.0.0.1 /Public/static/image/common/pn.png
INFO: [ app_init ] --START--
INFO: Run Behavior\BuildLiteBehavior [ RunTime:0.000011s ]
INFO: [ app_init ] --END-- [ RunTime:0.000402s ]

[ 2019-04-15T19:21:58+08:00 ] 127.0.0.1 /Public/static/image/common/midavt_shadow.gif
INFO: [ app_init ] --START--
INFO: Run Behavior\BuildLiteBehavior [ RunTime:0.000015s ]
INFO: [ app_init ] --END-- [ RunTime:0.002647s ]

[ 2019-04-15T19:23:05+08:00 ] 127.0.0.1 /Public/static/image/common/pn.png
INFO: [ app_init ] --START--
INFO: Run Behavior\BuildLiteBehavior [ RunTime:0.000011s ]
INFO: [ app_init ] --END-- [ RunTime:0.000392s ]

[ 2019-04-15T19:23:05+08:00 ] 127.0.0.1 /Public/static/image/common/midavt_shadow.gif
INFO: [ app_init ] --START--
INFO: Run Behavior\BuildLiteBehavior [ RunTime:0.000032s ]
INFO: [ app_init ] --END-- [ RunTime:0.000687s ]

[ 2019-04-15T19:24:41+08:00 ] 127.0.0.1 /Public/static/image/common/midavt_shadow.gif
INFO: [ app_init ] --START--
INFO: Run Behavior\BuildLiteBehavior [ RunTime:0.000009s ]
INFO: [ app_init ] --END-- [ RunTime:0.000524s ]

[ 2019-04-15T19:24:41+08:00 ] 127.0.0.1 /Public/static/image/common/pn.png
INFO: [ app_init ] --START--
INFO: Run Behavior\BuildLiteBehavior [ RunTime:0.000022s ]
INFO: [ app_init ] --END-- [ RunTime:0.002338s ]

[ 2019-04-15T19:39:57+08:00 ] 127.0.0.1 /Public/static/image/common/midavt_shadow.gif
INFO: [ app_init ] --START--
INFO: Run Behavior\BuildLiteBehavior [ RunTime:0.000007s ]
INFO: [ app_init ] --END-- [ RunTime:0.000321s ]

[ 2019-04-15T19:40:16+08:00 ] 127.0.0.1 /Public/static/image/common/midavt_shadow.gif
INFO: [ app_init ] --START--
INFO: Run Behavior\BuildLiteBehavior [ RunTime:0.000012s ]
INFO: [ app_init ] --END-- [ RunTime:0.000425s ]

[ 2019-04-15T19:40:16+08:00 ] 127.0.0.1 /Public/static/image/common/pn.png
INFO: [ app_init ] --START--
INFO: Run Behavior\BuildLiteBehavior [ RunTime:0.000009s ]
INFO: [ app_init ] --END-- [ RunTime:0.000390s ]

[ 2019-04-15T19:40:17+08:00 ] 127.0.0.1 /Public/static/image/common/pn.png
INFO: [ app_init ] --START--
INFO: Run Behavior\BuildLiteBehavior [ RunTime:0.000016s ]
INFO: [ app_init ] --END-- [ RunTime:0.000475s ]

[ 2019-04-15T19:40:17+08:00 ] 127.0.0.1 /Public/static/image/common/midavt_shadow.gif
INFO: [ app_init ] --START--
INFO: Run Behavior\BuildLiteBehavior [ RunTime:0.000011s ]
INFO: [ app_init ] --END-- [ RunTime:0.000490s ]

[ 2019-04-15T19:41:24+08:00 ] 127.0.0.1 /Public/static/image/common/midavt_shadow.gif
INFO: [ app_init ] --START--
INFO: Run Behavior\BuildLiteBehavior [ RunTime:0.000011s ]
INFO: [ app_init ] --END-- [ RunTime:0.000445s ]

[ 2019-04-15T19:46:34+08:00 ] 127.0.0.1 /Public/static/image/common/pn.png
INFO: [ app_init ] --START--
INFO: Run Behavior\BuildLiteBehavior [ RunTime:0.000010s ]
INFO: [ app_init ] --END-- [ RunTime:0.000443s ]

[ 2019-04-15T19:46:34+08:00 ] 127.0.0.1 /$
INFO: [ app_init ] --START--
INFO: Run Behavior\BuildLiteBehavior [ RunTime:0.000012s ]
INFO: [ app_init ] --END-- [ RunTime:0.000809s ]
ERR: 无法加载模块:$

[ 2019-04-15T19:50:41+08:00 ] 127.0.0.1 /Public/static/image/common/pn.png
INFO: [ app_init ] --START--
INFO: Run Behavior\BuildLiteBehavior [ RunTime:0.000010s ]
INFO: [ app_init ] --END-- [ RunTime:0.000397s ]

[ 2019-04-15T19:50:41+08:00 ] 127.0.0.1 /Public/static/image/common/midavt_shadow.gif
INFO: [ app_init ] --START--
INFO: Run Behavior\BuildLiteBehavior [ RunTime:0.000017s ]
INFO: [ app_init ] --END-- [ RunTime:0.000543s ]

[ 2019-04-15T19:50:41+08:00 ] 127.0.0.1 /Public/static/image/common/pn.png
INFO: [ app_init ] --START--
INFO: Run Behavior\BuildLiteBehavior [ RunTime:0.000007s ]
INFO: [ app_init ] --END-- [ RunTime:0.000331s ]

[ 2019-04-15T19:50:41+08:00 ] 127.0.0.1 /Public/static/image/common/midavt_shadow.gif
INFO: [ app_init ] --START--
INFO: Run Behavior\BuildLiteBehavior [ RunTime:0.000013s ]
INFO: [ app_init ] --END-- [ RunTime:0.000555s ]

[ 2019-04-15T19:52:30+08:00 ] 127.0.0.1 /Public/static/image/common/pn.png
INFO: [ app_init ] --START--
INFO: Run Behavior\BuildLiteBehavior [ RunTime:0.000009s ]
INFO: [ app_init ] --END-- [ RunTime:0.000493s ]

[ 2019-04-15T19:52:30+08:00 ] 127.0.0.1 /Public/static/image/common/midavt_shadow.gif
INFO: [ app_init ] --START--
INFO: Run Behavior\BuildLiteBehavior [ RunTime:0.000010s ]
INFO: [ app_init ] --END-- [ RunTime:0.000877s ]

[ 2019-04-15T19:53:45+08:00 ] 127.0.0.1 /Public/static/image/common/pn.png
INFO: [ app_init ] --START--
INFO: Run Behavior\BuildLiteBehavior [ RunTime:0.000014s ]
INFO: [ app_init ] --END-- [ RunTime:0.000640s ]

[ 2019-04-15T19:53:45+08:00 ] 127.0.0.1 /Public/static/image/common/midavt_shadow.gif
INFO: [ app_init ] --START--
INFO: Run Behavior\BuildLiteBehavior [ RunTime:0.000026s ]
INFO: [ app_init ] --END-- [ RunTime:0.003367s ]

[ 2019-04-15T19:59:41+08:00 ] 127.0.0.1 /Public/static/image/common/midavt_shadow.gif
INFO: [ app_init ] --START--
INFO: Run Behavior\BuildLiteBehavior [ RunTime:0.000011s ]
INFO: [ app_init ] --END-- [ RunTime:0.002653s ]

[ 2019-04-15T20:10:12+08:00 ] 127.0.0.1 /Public/static/image/common/midavt_shadow.gif
INFO: [ app_init ] --START--
INFO: Run Behavior\BuildLiteBehavior [ RunTime:0.000012s ]
INFO: [ app_init ] --END-- [ RunTime:0.000445s ]

[ 2019-04-15T20:11:24+08:00 ] 127.0.0.1 /Public/static/image/common/pn.png
INFO: [ app_init ] --START--
INFO: Run Behavior\BuildLiteBehavior [ RunTime:0.000010s ]
INFO: [ app_init ] --END-- [ RunTime:0.000397s ]

[ 2019-04-15T20:13:15+08:00 ] 127.0.0.1 /Public/static/image/common/pn.png
INFO: [ app_init ] --START--
INFO: Run Behavior\BuildLiteBehavior [ RunTime:0.000022s ]
INFO: [ app_init ] --END-- [ RunTime:0.000446s ]

[ 2019-04-15T20:13:15+08:00 ] 127.0.0.1 /Public/static/image/common/midavt_shadow.gif
INFO: [ app_init ] --START--
INFO: Run Behavior\BuildLiteBehavior [ RunTime:0.000011s ]
INFO: [ app_init ] --END-- [ RunTime:0.000470s ]

[ 2019-04-15T20:18:27+08:00 ] 127.0.0.1 /Public/static/image/common/pn.png
INFO: [ app_init ] --START--
INFO: Run Behavior\BuildLiteBehavior [ RunTime:0.000012s ]
INFO: [ app_init ] --END-- [ RunTime:0.000434s ]

[ 2019-04-15T20:18:27+08:00 ] 127.0.0.1 /Public/static/image/common/midavt_shadow.gif
INFO: [ app_init ] --START--
INFO: Run Behavior\BuildLiteBehavior [ RunTime:0.000041s ]
INFO: [ app_init ] --END-- [ RunTime:0.000697s ]

[ 2019-04-15T20:36:24+08:00 ] 127.0.0.1 /Public/static/image/common/midavt_shadow.gif
INFO: [ app_init ] --START--
INFO: Run Behavior\BuildLiteBehavior [ RunTime:0.000010s ]
INFO: [ app_init ] --END-- [ RunTime:0.000398s ]

[ 2019-04-15T20:36:24+08:00 ] 127.0.0.1 /Public/static/image/common/pn.png
INFO: [ app_init ] --START--
INFO: Run Behavior\BuildLiteBehavior [ RunTime:0.000009s ]
INFO: [ app_init ] --END-- [ RunTime:0.000467s ]

[ 2019-04-15T20:42:50+08:00 ] 127.0.0.1 /messenger-front/get?c=nN640gDS6JvhLGVcrlwz0bCRKXVHrYH%2FaQAyyzd3n2EbhMNDqGBFxgtZV2dMc2Q1uyAKSTrV5jxQxUm13WigbJMg96HaRL2cTB7QK6BGuerVU6%2Bw8sP1wCTenycrSkpg9jJcWf2q6hirkwLw3xMQiydLYQMkpcN6jjs7ptGzmp7osxJFE2lp6%2FFiPpsxR5hoiC%2Bdeu3zaQNRIyMFE2Fc0%2B1NT7FQ1FwUoeogErhzUxbhic0pA3ImrA0UrX9Rqb3Yg36e9gfnqAxYmausEaFO2MbIDgKjitSzANj663NhCKVecOfHjAAf9sLyjBc13VUxgYgIF%2FRMr1opaYrUaqE1ihrzf5MaFH%2FK%2BWWKwMpe0Ejy5C1EiVHfMZhdE%2Bw6grY9I1vosz3NUks5bkn7trFoWWhQxKFhLAcBLMWjzH1qgsSGlAH8mq1iE0jGD4gU380OyqA9fcz6HiGYvY91Fr2YSFlrwE5Oa9ZZHVCnAMmohuRyRWD9H7PW6nhz3kSv24cMCWBrCF3nBH%2BXZfhzV448L%2FBWtO61BLrqYfqNyygw1dejAJtlWMoa3Ium0S%2FhmM73gCpFEiWf2WyKNL4GCHnhfFwVijfQr8RJYFYXQPBZz8qlbcFQXHPyRg5a%2BZEQHUUhz9HuQ%2FHw2pHUhpuOUmkcUmvVBvvCBYvH5q7pGsBIctVV0KSgqvSblfzQ%2BWRlovt%2BfmNPODjbUhHaTcStGeYP%2Bw%3D%3D&v=1
INFO: [ app_init ] --START--
INFO: Run Behavior\BuildLiteBehavior [ RunTime:0.000007s ]
INFO: [ app_init ] --END-- [ RunTime:0.000332s ]
ERR: 无法加载模块:Messenger-front

[ 2019-04-15T21:19:48+08:00 ] 127.0.0.1 /Public/static/image/common/pn.png
INFO: [ app_init ] --START--
INFO: Run Behavior\BuildLiteBehavior [ RunTime:0.000008s ]
INFO: [ app_init ] --END-- [ RunTime:0.000342s ]

[ 2019-04-15T21:19:48+08:00 ] 127.0.0.1 /Public/static/image/common/midavt_shadow.gif
INFO: [ app_init ] --START--
INFO: Run Behavior\BuildLiteBehavior [ RunTime:0.000019s ]
INFO: [ app_init ] --END-- [ RunTime:0.000838s ]

[ 2019-04-15T21:50:20+08:00 ] 127.0.0.1 /Public/static/image/common/pn.png
INFO: [ app_init ] --START--
INFO: Run Behavior\BuildLiteBehavior [ RunTime:0.000009s ]
INFO: [ app_init ] --END-- [ RunTime:0.000432s ]

[ 2019-04-15T21:50:20+08:00 ] 127.0.0.1 /Public/static/image/common/midavt_shadow.gif
INFO: [ app_init ] --START--
INFO: Run Behavior\BuildLiteBehavior [ RunTime:0.000010s ]
INFO: [ app_init ] --END-- [ RunTime:0.000304s ]

[ 2019-04-15T21:53:51+08:00 ] 127.0.0.1 /Public/static/image/common/pn.png
INFO: [ app_init ] --START--
INFO: Run Behavior\BuildLiteBehavior [ RunTime:0.000011s ]
INFO: [ app_init ] --END-- [ RunTime:0.000428s ]

[ 2019-04-15T21:53:51+08:00 ] 127.0.0.1 /Public/static/image/common/midavt_shadow.gif
INFO: [ app_init ] --START--
INFO: Run Behavior\BuildLiteBehavior [ RunTime:0.000008s ]
INFO: [ app_init ] --END-- [ RunTime:0.000351s ]

[ 2019-04-15T21:53:58+08:00 ] 127.0.0.1 /Public/static/image/common/pn.png
INFO: [ app_init ] --START--
INFO: Run Behavior\BuildLiteBehavior [ RunTime:0.000009s ]
INFO: [ app_init ] --END-- [ RunTime:0.000361s ]

[ 2019-04-15T21:53:58+08:00 ] 127.0.0.1 /Public/static/image/common/midavt_shadow.gif
INFO: [ app_init ] --START--
INFO: Run Behavior\BuildLiteBehavior [ RunTime:0.000010s ]
INFO: [ app_init ] --END-- [ RunTime:0.000538s ]

