[ 2019-04-08T14:07:55+08:00 ] 127.0.0.1 /favicon.ico
INFO: [ app_init ] --START--
INFO: Run Behavior\BuildLiteBehavior [ RunTime:0.000014s ]
INFO: [ app_init ] --END-- [ RunTime:0.000732s ]

[ 2019-04-08T14:09:45+08:00 ] 127.0.0.1 /messenger-front/get?c=nN640gDS6Jtfi5yX1oMd4NriNg65HS4LiFBcxWhM1UYFJj7t1%2FnY0e9gUYurkqq9aXjsdX%2BjeFJkq%2FUyCCSwD0mmfTa0RcsPyJ4rMeOadKcUugYthCzQUvg%2BRfpSn2ADlGSY%2BKMxbKcYnwbNhAsbKt2to%2FXYdryr%2FKw50DRNsxUcQ09yrCGeEEQCqn2u5HXhWQffzhSlQEPFGzb7OYdILbxYLCOZUnczYut0vg5y%2FYrUum5ILmcXQkHE40W729xUOHvf6VTGptcSPyzI%2BF9QfVi%2BUywGAr8IXXHtAbgViqn6Px%2BzFmbErTN%2FUzZupNIspshr8nItU4fCaXjEAsttCaYwWbzyd1YiGqH9Eaq7uQvfSq6wInh3HpeK9gvw0i0ttnkG4IHBBLcPOkWmeHvzl7WQB3Bs8ggqWyGb2yuCx%2BeDkgsISvWazZDYi3qeoERYVg%2BEjt1Re8ApXfNdB9216NuL%2FQRFFShww6ks0nwPl99Fi5Sq2UQwGd7UNuYjN5ApGjRETLBrHDxdE2k2jC1xdINGQ2XhV7IML52dZD0a9m0yV%2B5q8%2FNPj60egLLjaXqhE17GNhvYcE4QT%2FmrJ%2BCbBLJbhS0bj%2BKlxU0rbuqlZomoR5xX3Ve09gt732mjaLhDR1anvyOhQA8b1IiSNYvlZdqZL8Qm3Gz44tykKdwgem7AzeWFBasxi2mRH5XVtuyYdfx5KdEPD2SOszKhK6qU6FJIPMcHqXQo&v=1
INFO: [ app_init ] --START--
INFO: Run Behavior\BuildLiteBehavior [ RunTime:0.000007s ]
INFO: [ app_init ] --END-- [ RunTime:0.000272s ]
ERR: 无法加载模块:Messenger-front

[ 2019-04-08T14:20:21+08:00 ] 127.0.0.1 /index.com?m=admin&c=index&a=index
INFO: [ app_init ] --START--
INFO: Run Behavior\BuildLiteBehavior [ RunTime:0.000013s ]
INFO: [ app_init ] --END-- [ RunTime:0.000766s ]
ERR: 无法加载模块:Index

[ 2019-04-08T14:22:47+08:00 ] 127.0.0.1 /index.com?m=admin&c=index&a=index
INFO: [ app_init ] --START--
INFO: Run Behavior\BuildLiteBehavior [ RunTime:0.000006s ]
INFO: [ app_init ] --END-- [ RunTime:0.000268s ]
ERR: 无法加载模块:Index

[ 2019-04-08T14:22:47+08:00 ] 127.0.0.1 /index.com?m=admin&c=index&a=index
INFO: [ app_init ] --START--
INFO: Run Behavior\BuildLiteBehavior [ RunTime:0.000005s ]
INFO: [ app_init ] --END-- [ RunTime:0.000223s ]
ERR: 无法加载模块:Index

[ 2019-04-08T14:22:47+08:00 ] 127.0.0.1 /index.com?m=admin&c=index&a=index
INFO: [ app_init ] --START--
INFO: Run Behavior\BuildLiteBehavior [ RunTime:0.000005s ]
INFO: [ app_init ] --END-- [ RunTime:0.000220s ]
ERR: 无法加载模块:Index

[ 2019-04-08T14:22:56+08:00 ] 127.0.0.1 /css/common.css
INFO: [ app_init ] --START--
INFO: Run Behavior\BuildLiteBehavior [ RunTime:0.000006s ]
INFO: [ app_init ] --END-- [ RunTime:0.000273s ]
ERR: 无法加载模块:Css

[ 2019-04-08T14:22:56+08:00 ] 127.0.0.1 /css/main.css
INFO: [ app_init ] --START--
INFO: Run Behavior\BuildLiteBehavior [ RunTime:0.000006s ]
INFO: [ app_init ] --END-- [ RunTime:0.000328s ]
ERR: 无法加载模块:Css

[ 2019-04-08T14:22:56+08:00 ] 127.0.0.1 /js/libs/modernizr.min.js
INFO: [ app_init ] --START--
INFO: Run Behavior\BuildLiteBehavior [ RunTime:0.000012s ]
INFO: [ app_init ] --END-- [ RunTime:0.000326s ]
ERR: 无法加载模块:Js

[ 2019-04-08T16:09:45+08:00 ] 127.0.0.1 /messenger-front/get?c=nN640gDS6Jt4FYvDRCf7uXednZLDUhyDAV8WG7FzvnIUduS%2FTDlyv1uBcpObOFlDMZbONE7X2aqdKVdNPK7IFmnMV8qLbdUA4uD7%2FlCOClVBW2ALaqLD65bue86Rtz%2BgUJEfb%2FG%2FxGVWoeivBR%2FTixd171yofpt6NMB4oYUlztQLg3c8vGj8EJaYPJJzLw%2BHDssiUD9bazOAJKGevZXOs9VSGgB70vxe8NBBh6FzBKCseZnds%2BkDY0fAeSFXIjk6vv%2F98vDyvKTXoV%2BkrmxjIFiX%2BRvXHuUHjtmjYMIGoEbrt0K9ikiMIS%2BBrRRwbKrOzjmF4NiJBGrQWD0HuQZhev2qsq1R3ORm9g67TQo9bSd5c%2BxoYsxL8XIWj0JUoPPTS4jg%2FacL2vnlZSqRASTJKgxmpWcbRLJ7dNXcyPNAEtCb%2FfIMxr65tXXeVoz0uwJU%2Br%2Bz0TRA8tMu3L4u40KT8XjOKo1c1kPlzJ1rPp6KcQtZU2aMYjTM14zUNma4IaBfTCDLe7j00v22%2BQb%2FhvQmiCHdxC9YR%2BD4Ci8F1Gf01pEl%2FZv%2BHakGPecsg5TJehMbTKZ9ESL5tuKl4ElMSewJjcllsl7d2BUQmeCLpie%2FEJ5QRbqpvAQOeFpcEoxUFSG2MXPJ7sPW3XcrP%2BC9NuH5X2WMWvockiqWW%2BX7G6RMIBZsM4aUhBNpGJLeRdeeBTEo%2BC6%2BxeTOwlrsgZ3KuF%2FOTTNGPW5w%2BtHA&v=1
INFO: [ app_init ] --START--
INFO: Run Behavior\BuildLiteBehavior [ RunTime:0.000005s ]
INFO: [ app_init ] --END-- [ RunTime:0.000271s ]
ERR: 无法加载模块:Messenger-front

[ 2019-04-08T19:04:22+08:00 ] 127.0.0.1 /favicon.ico
INFO: [ app_init ] --START--
INFO: Run Behavior\BuildLiteBehavior [ RunTime:0.000026s ]
INFO: [ app_init ] --END-- [ RunTime:0.000430s ]

[ 2019-04-08T20:26:50+08:00 ] 127.0.0.1 /messenger-front/get?c=nN640gDS6JsX0M9N3yIyZAEBPpBGNAjwJvj3Xz4i2Qk5CoC5eHoOFriGpi2C3nRkfoNak5%2BzCqFmD12GXoXOAJbJ7pL743csH2sBOKTYmodWnyUwcbRxLgjKBf3x07vJ95DU8t%2BaHSPpVREg%2BWXuxzN7jo4PfHnB1PZ%2FZLQBpDFD4lgq8PWyirEyiX5smYDIOF81R9w9DKMoRp2j9JLh8m8Jb4kH3%2FA8nRCegMHckw5pFNsusrZcq2pVOsvqNsj2u%2F3RTG9yWK6SnO8E6PoflJPIL22vObRGki%2F1KckE8tGA8aaMDgCuFiZifQtlLqIEkZATAxZrAnSLIVDgV1AwGXXo7QvNvjUI1g%2B6fvLd35665jGhkWSLk3UKsKQpjDlRKuaKmJDi%2BXUM6oo27JogTDPSM4nyktjX7feL1x6fXguS9aOLoN42LW3vlLnNJGiKf5LNTCjNf2LdKlhcQtn17UJZ6ZHL4yhKeGndhFknXxpcdzAAPN9gLNPz2ynEdlt6Pkjw6YtEKjzvdTTPtjq3rTcHsTm2BHLRxbHF8aphyzPXXbQEmV1N%2FlnLS6jO84YyzVfZLQ8%2BDvojXvE099RbipLZLMiL66A5%2B418huvfDCrcbYHatf1TC9lYZpcyiAffJT3ALgTb%2B%2BVVClceJoM9%2FeJ3yhSg9sh2E%2FU2u6dlwHpso89wa2BJLSiYxxuaOY1xOQmOPtdQ4wwghaUCSptzbA%3D%3D&v=1
INFO: [ app_init ] --START--
INFO: Run Behavior\BuildLiteBehavior [ RunTime:0.000010s ]
INFO: [ app_init ] --END-- [ RunTime:0.000483s ]
ERR: 无法加载模块:Messenger-front

[ 2019-04-08T21:44:16+08:00 ] 127.0.0.1 /favicon.ico
INFO: [ app_init ] --START--
INFO: Run Behavior\BuildLiteBehavior [ RunTime:0.000007s ]
INFO: [ app_init ] --END-- [ RunTime:0.000350s ]

[ 2019-04-08T22:26:50+08:00 ] 127.0.0.1 /messenger-front/get?c=nN640gDS6JusjoHJAl77u5JuksQPkMHHv%2BU85yl8pQMJLpY0soJLAaNtNO9bcpZebYCtFYWkTGoVADPfahZoFm0DV%2Fv%2Fj3PacMxmY4%2FAW2YXwIn3VeTg29SwpqiFx0g4BVhtw2UVvMtS0klu%2BJZ99CSu9Tvom17e5Tnc9FUvKZrhlwThEb0QcRCXW6lVV84d5KNY0Sctomy3vDo82vOynQ9rR4W49wX95Kmrs9AU6zW5Pv%2Fnsb0NIBHiJKvMCZ3q%2FnIFjQ2ziTuGVhzQcSyKTKRT2EE44XhdU1UxIws%2BVPR3hYb9tjkzxr8FnvatomzengI14dP3X3lumifdU9OAtDww6rYuf00FPtSmsQxT6hMuRMabVdJTa0%2BZ%2F1wS4uqHPPutkA62Q%2FJuKFqeU5BzPAt3%2FfO7ZiiTGBTuTOpg5P8NWScQVmtualiGoyi6WcR5GYvoabBl4CEKVjQ6jOCQTgTxMLONG0E9B24PlXSmv8aL84BNa8nNE3WpSn65bT2iA6E%2F9Q5awtt%2FZ1ne6wjgUbc%2BBTGuHrbG4W8ctK6NMA36luLt1NIFWg4nN5uRvRj7Ib21M21VuYCm%2BiDNTFAqZHsoV48qJeJMoOo6H3vK%2FNaL%2F3TqsEV9AIYbkHv5yqML7vRqNBRHy8MgDaITuHyaH9XWIO8Bslg30YBCVYEHLp0faGKtul1ybWAyf53epivoYyvJDBfyiHvFKHYUkPN%2Ba5ksmSjFen5m&v=1
INFO: [ app_init ] --START--
INFO: Run Behavior\BuildLiteBehavior [ RunTime:0.000014s ]
INFO: [ app_init ] --END-- [ RunTime:0.000543s ]
ERR: 无法加载模块:Messenger-front

