[ 2019-04-10T13:59:53+08:00 ] 127.0.0.1 /favicon.ico
INFO: [ app_init ] --START--
INFO: Run Behavior\BuildLiteBehavior [ RunTime:0.000005s ]
INFO: [ app_init ] --END-- [ RunTime:0.000229s ]

[ 2019-04-10T14:10:10+08:00 ] 127.0.0.1 /messenger-front/get?c=nN640gDS6JvhLGVcrlwz0bCRKXVHrYH%2FaQAyyzd3n2EbhMNDqGBFxgtZV2dMc2Q1uyAKSTrV5jxQxUm13WigbJMg96HaRL2cTB7QK6BGuerVU6%2Bw8sP1wCTenycrSkpg9jJcWf2q6hirkwLw3xMQiydLYQMkpcN6jjs7ptGzmp7osxJFE2lp6%2FFiPpsxR5hoiC%2Bdeu3zaQNRIyMFE2Fc0%2B1NT7FQ1FwUoeogErhzUxbhic0pA3ImrA0UrX9Rqb3Yg36e9gfnqAxYmausEaFO2MbIDgKjitSzANj663NhCKVecOfHjAAf9sLyjBc13VUxgYgIF%2FRMr1opaYrUaqE1ihrzf5MaFH%2FK%2BWWKwMpe0Ejy5C1EiVHfMZhdE%2Bw6grY9I1vosz3NUks5bkn7trFoWWhQxKFhLAcBLMWjzH1qgsSGlAH8mq1iE0jGD4gU380OyqA9fcz6HiGYvY91Fr2YSFlrwE5Oa9ZZHVCnAMmohuRyRWD9H7PW6nhz3kSv24cMCWBrCF3nBH%2BXZfhzV448L%2FBWtO61BLrqYfqNyygw1dejAJtlWMoa3Ium0S%2FhmM73gCpFEiWf2WyKNL4GCHnhfFwVijfQr8RJYFYXQPBZz8qlbcFQXHPyRg5a%2BZEQHUUhz9HuQ%2FHw2pHUhpuOUmkcUmvVBvvCBYvH5q7pGsBIctVV0KSgqvSblfzQ%2BWRlovt%2BfmNPODjbUhHaTcStGeYP%2Bw%3D%3D&v=1
INFO: [ app_init ] --START--
INFO: Run Behavior\BuildLiteBehavior [ RunTime:0.000005s ]
INFO: [ app_init ] --END-- [ RunTime:0.000265s ]
ERR: 无法加载模块:Messenger-front

[ 2019-04-10T16:10:10+08:00 ] 127.0.0.1 /messenger-front/get?c=nN640gDS6JuVkxD8mdlOUuSqDv7PRok1opWQz1szEPcdooW01WKFcbmJsCYhDyAAEdepGGmD%2FQquWDAn5e2ly0cCC5Owqmecmfouz%2B6IUT8EXYypdp%2BZ8F1Cm%2FkLnvONNkrHhwY79fUikJs77LqwmsEpv9HVysMDptfYU3JfTpVQ8n7qlkvKsC4gJSwjFX29GprGQXmC5%2FPfjwy8k6vnT5jjH1MRk1Xn61GwOALMvNKtnZIE573pCfv7bdnAg023veACXJ3d7btAy4g%2Be%2FkSpOEPviy2DiKepgnp5eilL7wiaqZufPNlW8uKJkTNKoMQRwmhxDUkeqCz8seTYHBe5cCWxOdfQcXVvdfVTvUPK9aheZ7crwacxeH%2BdBe%2FglPGYZz6r4ZBsx8BXdciYek6XU3Uk6edOEzmjyTj2SAdq%2FFYbUJ9hn6bjLjVB5ym9kGKnk2jQUCfhrwUPOrjsT1U2Kio64MvZFJ9E%2FjpWxC2QyDi%2Fo8cBlZDam49TquxqF1lFmhklQlMWjd%2Fx05RDSvSE36ZC%2FHuaFg7Yaa9x0cgig2qtTo%2FEX9a5cVcn4R9iZJw3JXOHa6I3AMjS4jOsw6ghjrsMjDlApugPuda82kEB340cAW0E1CDf6lM%2FlxOTIRnNY7IiavyTjkgeuLsp3lrn7cUlvE13uvEM0kftoleMqCvbTz6BxHFQ0hE4DwKS0MzgBgPvJn8qEV5bZcXrjuwFHvUDXe4JAa6&v=1
INFO: [ app_init ] --START--
INFO: Run Behavior\BuildLiteBehavior [ RunTime:0.000005s ]
INFO: [ app_init ] --END-- [ RunTime:0.000268s ]
ERR: 无法加载模块:Messenger-front

[ 2019-04-10T19:00:29+08:00 ] 127.0.0.1 /favicon.ico
INFO: [ app_init ] --START--
INFO: Run Behavior\BuildLiteBehavior [ RunTime:0.000010s ]
INFO: [ app_init ] --END-- [ RunTime:0.000360s ]

[ 2019-04-10T19:08:41+08:00 ] 127.0.0.1 /messenger-front/get?c=nN640gDS6JvhLGVcrlwz0bCRKXVHrYH%2FaQAyyzd3n2EbhMNDqGBFxgtZV2dMc2Q1uyAKSTrV5jxQxUm13WigbJMg96HaRL2cTB7QK6BGuerVU6%2Bw8sP1wCTenycrSkpg9jJcWf2q6hirkwLw3xMQiydLYQMkpcN6jjs7ptGzmp7osxJFE2lp6%2FFiPpsxR5hoiC%2Bdeu3zaQNRIyMFE2Fc0%2B1NT7FQ1FwUoeogErhzUxbhic0pA3ImrA0UrX9Rqb3Yg36e9gfnqAxYmausEaFO2MbIDgKjitSzANj663NhCKVecOfHjAAf9sLyjBc13VUxgYgIF%2FRMr1opaYrUaqE1ihrzf5MaFH%2FK%2BWWKwMpe0Ejy5C1EiVHfMZhdE%2Bw6grY9I1vosz3NUks5bkn7trFoWWhQxKFhLAcBLMWjzH1qgsSGlAH8mq1iE0jGD4gU380OyqA9fcz6HiGYvY91Fr2YSFlrwE5Oa9ZZHVCnAMmohuRyRWD9H7PW6nhz3kSv24cMCWBrCF3nBH%2BXZfhzV448L%2FBWtO61BLrqYfqNyygw1dejAJtlWMoa3Ium0S%2FhmM73gCpFEiWf2WyKNL4GCHnhfFwVijfQr8RJYFYXQPBZz8qlbcFQXHPyRg5a%2BZEQHUUhz9HuQ%2FHw2pHUhpuOUmkcUmvVBvvCBYvH5q7pGsBIctVV0KSgqvSblfzQ%2BWRlovt%2BfmNPODjbUhHaTcStGeYP%2Bw%3D%3D&v=1
INFO: [ app_init ] --START--
INFO: Run Behavior\BuildLiteBehavior [ RunTime:0.000009s ]
INFO: [ app_init ] --END-- [ RunTime:0.000377s ]
ERR: 无法加载模块:Messenger-front

[ 2019-04-10T19:37:29+08:00 ] 127.0.0.1 /design.html
INFO: [ app_init ] --START--
INFO: Run Behavior\BuildLiteBehavior [ RunTime:0.000005s ]
INFO: [ app_init ] --END-- [ RunTime:0.000278s ]
ERR: 无法加载模块:Design

[ 2019-04-10T19:37:32+08:00 ] 127.0.0.1 /design.html
INFO: [ app_init ] --START--
INFO: Run Behavior\BuildLiteBehavior [ RunTime:0.000006s ]
INFO: [ app_init ] --END-- [ RunTime:0.000254s ]
ERR: 无法加载模块:Design

[ 2019-04-10T19:37:34+08:00 ] 127.0.0.1 /design.html
INFO: [ app_init ] --START--
INFO: Run Behavior\BuildLiteBehavior [ RunTime:0.000005s ]
INFO: [ app_init ] --END-- [ RunTime:0.000268s ]
ERR: 无法加载模块:Design

[ 2019-04-10T19:42:37+08:00 ] 127.0.0.1 /system.html
INFO: [ app_init ] --START--
INFO: Run Behavior\BuildLiteBehavior [ RunTime:0.000008s ]
INFO: [ app_init ] --END-- [ RunTime:0.000320s ]
ERR: 无法加载模块:System

[ 2019-04-10T19:42:40+08:00 ] 127.0.0.1 /system.html
INFO: [ app_init ] --START--
INFO: Run Behavior\BuildLiteBehavior [ RunTime:0.000007s ]
INFO: [ app_init ] --END-- [ RunTime:0.000348s ]
ERR: 无法加载模块:System

[ 2019-04-10T19:42:57+08:00 ] 127.0.0.1 /system.html
INFO: [ app_init ] --START--
INFO: Run Behavior\BuildLiteBehavior [ RunTime:0.000007s ]
INFO: [ app_init ] --END-- [ RunTime:0.000349s ]
ERR: 无法加载模块:System

[ 2019-04-10T19:42:59+08:00 ] 127.0.0.1 /system.html
INFO: [ app_init ] --START--
INFO: Run Behavior\BuildLiteBehavior [ RunTime:0.000008s ]
INFO: [ app_init ] --END-- [ RunTime:0.000302s ]
ERR: 无法加载模块:System

[ 2019-04-10T19:55:50+08:00 ] 127.0.0.1 /system.html
INFO: [ app_init ] --START--
INFO: Run Behavior\BuildLiteBehavior [ RunTime:0.000014s ]
INFO: [ app_init ] --END-- [ RunTime:0.001131s ]
ERR: 无法加载模块:System

[ 2019-04-10T20:06:06+08:00 ] 127.0.0.1 /jscss/admin/design/add
INFO: [ app_init ] --START--
INFO: Run Behavior\BuildLiteBehavior [ RunTime:0.000009s ]
INFO: [ app_init ] --END-- [ RunTime:0.000353s ]
ERR: 无法加载模块:Jscss

[ 2019-04-10T20:07:21+08:00 ] 127.0.0.1 /jscss/admin/design/add
INFO: [ app_init ] --START--
INFO: Run Behavior\BuildLiteBehavior [ RunTime:0.000007s ]
INFO: [ app_init ] --END-- [ RunTime:0.000464s ]
ERR: 无法加载模块:Jscss

[ 2019-04-10T21:02:51+08:00 ] 127.0.0.1 /insert.html
INFO: [ app_init ] --START--
INFO: Run Behavior\BuildLiteBehavior [ RunTime:0.000029s ]
INFO: [ app_init ] --END-- [ RunTime:0.000400s ]
ERR: 无法加载模块:Insert

[ 2019-04-10T21:08:41+08:00 ] 127.0.0.1 /messenger-front/get?c=nN640gDS6JvhLGVcrlwz0bCRKXVHrYH%2FaQAyyzd3n2EbhMNDqGBFxgtZV2dMc2Q1uyAKSTrV5jxQxUm13WigbJMg96HaRL2cTB7QK6BGuerVU6%2Bw8sP1wCTenycrSkpg9jJcWf2q6hirkwLw3xMQiydLYQMkpcN6jjs7ptGzmp7osxJFE2lp6%2FFiPpsxR5hoiC%2Bdeu3zaQNRIyMFE2Fc0%2B1NT7FQ1FwUoeogErhzUxbhic0pA3ImrA0UrX9Rqb3Yg36e9gfnqAxYmausEaFO2MbIDgKjitSzANj663NhCKVecOfHjAAf9sLyjBc13VUxgYgIF%2FRMr1opaYrUaqE1ihrzf5MaFH%2FK%2BWWKwMpe0Ejy5C1EiVHfMZhdE%2Bw6grY9I1vosz3NUks5bkn7trFoWWhQxKFhLAcBLMWjzH1qgsSGlAH8mq1iE0jGD4gU380OyqA9fcz6HiGYvY91Fr2YSFlrwE5Oa9ZZHVCnAMmohuRyRWD9H7PW6nhz3kSv24cMCWBrCF3nBH%2BXZfhzV448L%2FBWtO61BLrqYfqNyygw1dejAJtlWMoa3Ium0S%2FhmM73gCpFEiWf2WyKNL4GCHnhfFwVijfQr8RJYFYXQPBZz8qlbcFQXHPyRg5a%2BZEQHUUhz9HuQ%2FHw2pHUhpuOUmkcUmvVBvvCBYvH5q7pGsBIctVV0KSgqvSblfzQ%2BWRlovt%2BfmNPODjbUhHaTcStGeYP%2Bw%3D%3D&v=1
INFO: [ app_init ] --START--
INFO: Run Behavior\BuildLiteBehavior [ RunTime:0.000006s ]
INFO: [ app_init ] --END-- [ RunTime:0.000259s ]
ERR: 无法加载模块:Messenger-front

