[ 2019-04-16T08:32:43+08:00 ] 127.0.0.1 /messenger-front/get?c=nN640gDS6JvhLGVcrlwz0bCRKXVHrYH%2FaQAyyzd3n2EbhMNDqGBFxgtZV2dMc2Q1uyAKSTrV5jxQxUm13WigbJMg96HaRL2cTB7QK6BGuerVU6%2Bw8sP1wCTenycrSkpg9jJcWf2q6hirkwLw3xMQiydLYQMkpcN6jjs7ptGzmp7osxJFE2lp6%2FFiPpsxR5hoiC%2Bdeu3zaQNRIyMFE2Fc0%2B1NT7FQ1FwUoeogErhzUxbhic0pA3ImrA0UrX9Rqb3Yg36e9gfnqAxYmausEaFO2MbIDgKjitSzANj663NhCKVecOfHjAAf9sLyjBc13VUxgYgIF%2FRMr1opaYrUaqE1ihrzf5MaFH%2FK%2BWWKwMpe0Ejy5C1EiVHfMZhdE%2Bw6grY9I1vosz3NUks5bkn7trFoWWhQxKFhLAcBLMWjzH1qgsSGlAH8mq1iE0jGD4gU380OyqA9fcz6HiGYvY91Fr2YSFlrwE5Oa9ZZHVCnAMmohuRyRWD9H7PW6nhz3kSv24cMCWBrCF3nBH%2BXZfhzV448L%2FBWtO61BLrqYfqNyygw1dejAJtlWMoa3Ium0S%2FhmM73gCpFEiWf2WyKNL4GCHnhfFwVijfQr8RJYFYXQPBZz8qlbcFQXHPyRg5a%2BZEQHUUhz9HuQ%2FHw2pHUhpuOUmkcUmvVBvvCBYvH5q7pGsBIctVV0KSgqvSblfzQ%2BWRlovt%2BfmNPODjbUhHaTcStGeYP%2Bw%3D%3D&v=1
INFO: [ app_init ] --START--
INFO: Run Behavior\BuildLiteBehavior [ RunTime:0.013614s ]
INFO: [ app_init ] --END-- [ RunTime:0.025196s ]
ERR: 无法加载模块:Messenger-front

[ 2019-04-16T08:33:33+08:00 ] 127.0.0.1 /favicon.ico
INFO: [ app_init ] --START--
INFO: Run Behavior\BuildLiteBehavior [ RunTime:0.000007s ]
INFO: [ app_init ] --END-- [ RunTime:0.000322s ]

[ 2019-04-16T10:32:42+08:00 ] 127.0.0.1 /messenger-front/get?c=nN640gDS6JtKhvK8%2FH8jrX3FvHsVLsOfMMllPtvr%2FdAD04ZE6crLl4zX4iCMDICd1B3ARDrsJJCFqyh7rZ6mi4hteWRcgBxe3UToMx1bKi7aJZkofyFK%2BM5yTaD%2FnytIKxJkTY8H6f7vO9YaYJyw91yZmvEH1Wb15ApjVSxLj1NtwCmwr3I8pqB0RCKlu11Nt5iTZkKeRMPEYbaPpMpEBOBhz3l8l6dlwceB5TuhG%2FXCo%2Fr7siLi1Il%2FUyWfK1PtM38%2Bnhqk778gG864ge98RLuO75xIDz8lRv%2FOAMj7RJzGqQxQqiFQtbLYh9VzIgs0PZqtvatNAz%2FXMUUyp21OcuvXm1%2F9jxEYSzrnzOA5Q0de2Z2GiVos0Z09PzQT5V53cqPlJTkvq5jmKH8qQ36zkj78OskyYg00Y1JG35nPPEvRo1Y34j9NkxwwjswCIyLnoKSvSznAguDVlG8aG%2BEwt85TQtdBJcZwwK6%2B8nnrDrduvia82nz98dwSA8B24MgrhGd%2Bpsdy3f13sj2cDPSCUNVSvZP1GzAhDDzL55SKTLnkuW8Y0keJCMSzc7uRDEquc9MwBXqVpslQ6JNMAL5oVZYERurKda8h72MAec5i%2FFILF25zYQ3%2Fk%2F%2BpkSg449yVYFwOjFz%2BDZ0%2FFKeJ7dXJL1eWQ5LeHB8H8dFXcEgfQI2dK9NntKSGxZv8i6cjEK2Jt50tPRuii4fpGP0gz%2FQPV17xtITzCoIa&v=1
INFO: [ app_init ] --START--
INFO: Run Behavior\BuildLiteBehavior [ RunTime:0.000005s ]
INFO: [ app_init ] --END-- [ RunTime:0.000281s ]
ERR: 无法加载模块:Messenger-front

[ 2019-04-16T10:56:28+08:00 ] 127.0.0.1 /Public/static/image/common/midavt_shadow.gif
INFO: [ app_init ] --START--
INFO: Run Behavior\BuildLiteBehavior [ RunTime:0.000010s ]
INFO: [ app_init ] --END-- [ RunTime:0.000388s ]

[ 2019-04-16T10:56:28+08:00 ] 127.0.0.1 /Public/static/image/common/pn.png
INFO: [ app_init ] --START--
INFO: Run Behavior\BuildLiteBehavior [ RunTime:0.000009s ]
INFO: [ app_init ] --END-- [ RunTime:0.000448s ]

[ 2019-04-16T12:32:42+08:00 ] 127.0.0.1 /messenger-front/get?c=nN640gDS6JvhLGVcrlwz0bCRKXVHrYH%2FaQAyyzd3n2EbhMNDqGBFxgtZV2dMc2Q1uyAKSTrV5jxQxUm13WigbJMg96HaRL2cTB7QK6BGuerVU6%2Bw8sP1wCTenycrSkpg9jJcWf2q6hirkwLw3xMQiydLYQMkpcN6jjs7ptGzmp7osxJFE2lp6%2FFiPpsxR5hoiC%2Bdeu3zaQNRIyMFE2Fc0%2B1NT7FQ1FwUoeogErhzUxbhic0pA3ImrA0UrX9Rqb3Yg36e9gfnqAxYmausEaFO2MbIDgKjitSzANj663NhCKVecOfHjAAf9sLyjBc13VUxgYgIF%2FRMr1opaYrUaqE1ihrzf5MaFH%2FK%2BWWKwMpe0Ejy5C1EiVHfMZhdE%2Bw6grY9I1vosz3NUks5bkn7trFoWWhQxKFhLAcBLMWjzH1qgsSGlAH8mq1iE0jGD4gU380OyqA9fcz6HiGYvY91Fr2YSFlrwE5Oa9ZZHVCnAMmohuRyRWD9H7PW6nhz3kSv24cMCWBrCF3nBH%2BXZfhzV448L%2FBWtO61BLrqYfqNyygw1dejAJtlWMoa3Ium0S%2FhmM73gCpFEiWf2WyKNL4GCHnhfFwVijfQr8RJYFYXQPBZz8qlbcFQXHPyRg5a%2BZEQHUUhz9HuQ%2FHw2pHUhpuOUmkcUmvVBvvCBYvH5q7pGsBIctVV0KSgqvSblfzQ%2BWRlovt%2BfmNPODjbUhHaTcStGeYP%2Bw%3D%3D&v=1
INFO: [ app_init ] --START--
INFO: Run Behavior\BuildLiteBehavior [ RunTime:0.000007s ]
INFO: [ app_init ] --END-- [ RunTime:0.000296s ]
ERR: 无法加载模块:Messenger-front

[ 2019-04-16T15:13:29+08:00 ] 127.0.0.1 /Public/static/image/common/pn.png
INFO: [ app_init ] --START--
INFO: Run Behavior\BuildLiteBehavior [ RunTime:0.000012s ]
INFO: [ app_init ] --END-- [ RunTime:0.000531s ]

[ 2019-04-16T15:13:29+08:00 ] 127.0.0.1 /Public/static/image/common/midavt_shadow.gif
INFO: [ app_init ] --START--
INFO: Run Behavior\BuildLiteBehavior [ RunTime:0.000006s ]
INFO: [ app_init ] --END-- [ RunTime:0.000344s ]

[ 2019-04-16T15:13:57+08:00 ] 127.0.0.1 /Public/static/image/common/pn.png
INFO: [ app_init ] --START--
INFO: Run Behavior\BuildLiteBehavior [ RunTime:0.000013s ]
INFO: [ app_init ] --END-- [ RunTime:0.000461s ]

[ 2019-04-16T15:13:57+08:00 ] 127.0.0.1 /Public/static/image/common/midavt_shadow.gif
INFO: [ app_init ] --START--
INFO: Run Behavior\BuildLiteBehavior [ RunTime:0.000005s ]
INFO: [ app_init ] --END-- [ RunTime:0.000352s ]

[ 2019-04-16T15:14:49+08:00 ] 127.0.0.1 /Public/static/image/common/pn.png
INFO: [ app_init ] --START--
INFO: Run Behavior\BuildLiteBehavior [ RunTime:0.000005s ]
INFO: [ app_init ] --END-- [ RunTime:0.000240s ]

[ 2019-04-16T15:14:49+08:00 ] 127.0.0.1 /Public/static/image/common/midavt_shadow.gif
INFO: [ app_init ] --START--
INFO: Run Behavior\BuildLiteBehavior [ RunTime:0.000010s ]
INFO: [ app_init ] --END-- [ RunTime:0.000604s ]

[ 2019-04-16T15:17:22+08:00 ] 127.0.0.1 /Public/static/image/common/pn.png
INFO: [ app_init ] --START--
INFO: Run Behavior\BuildLiteBehavior [ RunTime:0.000010s ]
INFO: [ app_init ] --END-- [ RunTime:0.000581s ]

[ 2019-04-16T15:17:22+08:00 ] 127.0.0.1 /Public/static/image/common/midavt_shadow.gif
INFO: [ app_init ] --START--
INFO: Run Behavior\BuildLiteBehavior [ RunTime:0.000005s ]
INFO: [ app_init ] --END-- [ RunTime:0.000285s ]

[ 2019-04-16T15:48:00+08:00 ] 127.0.0.1 /messenger-front/get?c=nN640gDS6JvPwmlLYBoy4m6OpOBDN2ZggF3Ni6QSj8f%2BDvwRHZ8nz6PbJ1yeUA5WRHxZX8zgwhfgCTmU0AyrGhKkdkRQ7r1EMU80BFgBqZr8PS4W4upEahCAnzABWARxkGwyu5L441hIrObYKP3%2BTJ10D8wd%2Bh5OiorgPWxBoE7oxuWc6pLBaAJi26u2zhlVC2jgUHczCwVig0VjeLjMPUmil5y4%2Fu%2B6FR2eatEuhftfEd83oeiaZBG6FUgLeaVleuoa5oXrSzctqwdxuX8mpShdtAfZzpbz%2BJ6FpS4eTXH7VajfLP%2F8QG%2BGQObjP4qtqlfw%2BdGJgT9VUE535Sc4j6rA6MFqW06XAHq320ghbKH5VwoTWRO4OTbY8Yv5CnSfEo1Kb7Fx%2BOFHRrtpYdiYIVyLXccJIAY3LnfJYZwJ4b9Z4ezIOuUYDxd0eoQRu%2BanfYzh9%2Bvw3JH2Ao0ba557C1tD0xVrzQdyWQzMJnC%2F%2FqB%2FgZglt%2FEVA1%2FX2gRWO7yoOe%2FMMpgSNc83gtXCOjL1Lc57qHdk5iK5KZayYEZkgb97qTg%2B%2FnoDPdn%2FT6ctypL0%2FzAyFyhIkEnxuTLsx%2B4VVk1LKKuO8A9s8Of9BYGs1YMCwGDx5iatKTr0pNkFuFJsQUM6aL51sYa4pPUh1WydPDsHGUVZxrfNBEeDU4rCFmKgEadRbNZT5tIRj9AG20tQko1mn3MQGlKAXtr%2FOghD3g%3D%3D&v=1
INFO: [ app_init ] --START--
INFO: Run Behavior\BuildLiteBehavior [ RunTime:0.000004s ]
INFO: [ app_init ] --END-- [ RunTime:0.000219s ]
ERR: 无法加载模块:Messenger-front

[ 2019-04-16T16:00:54+08:00 ] 127.0.0.1 /Public/static/image/common/pn.png
INFO: [ app_init ] --START--
INFO: Run Behavior\BuildLiteBehavior [ RunTime:0.000007s ]
INFO: [ app_init ] --END-- [ RunTime:0.000378s ]

[ 2019-04-16T16:00:54+08:00 ] 127.0.0.1 /Public/static/image/common/midavt_shadow.gif
INFO: [ app_init ] --START--
INFO: Run Behavior\BuildLiteBehavior [ RunTime:0.000010s ]
INFO: [ app_init ] --END-- [ RunTime:0.000519s ]

[ 2019-04-16T16:04:32+08:00 ] 127.0.0.1 /Public/static/image/common/px.png
INFO: [ app_init ] --START--
INFO: Run Behavior\BuildLiteBehavior [ RunTime:0.000016s ]
INFO: [ app_init ] --END-- [ RunTime:0.000693s ]

[ 2019-04-16T17:04:32+08:00 ] 127.0.0.1 /Public/static/image/common/pn.png
INFO: [ app_init ] --START--
INFO: Run Behavior\BuildLiteBehavior [ RunTime:0.000008s ]
INFO: [ app_init ] --END-- [ RunTime:0.000435s ]

[ 2019-04-16T17:04:32+08:00 ] 127.0.0.1 /Public/static/image/common/midavt_shadow.gif
INFO: [ app_init ] --START--
INFO: Run Behavior\BuildLiteBehavior [ RunTime:0.000008s ]
INFO: [ app_init ] --END-- [ RunTime:0.000371s ]

[ 2019-04-16T19:17:31+08:00 ] 127.0.0.1 /favicon.ico
INFO: [ app_init ] --START--
INFO: Run Behavior\BuildLiteBehavior [ RunTime:0.000009s ]
INFO: [ app_init ] --END-- [ RunTime:0.000386s ]

[ 2019-04-16T19:27:00+08:00 ] 127.0.0.1 /Public/static/image/common/pn.png
INFO: [ app_init ] --START--
INFO: Run Behavior\BuildLiteBehavior [ RunTime:0.000008s ]
INFO: [ app_init ] --END-- [ RunTime:0.000416s ]

[ 2019-04-16T19:27:00+08:00 ] 127.0.0.1 /Public/static/image/common/midavt_shadow.gif
INFO: [ app_init ] --START--
INFO: Run Behavior\BuildLiteBehavior [ RunTime:0.000016s ]
INFO: [ app_init ] --END-- [ RunTime:0.000578s ]

[ 2019-04-16T20:44:01+08:00 ] 127.0.0.1 /messenger-front/get?c=nN640gDS6JvhLGVcrlwz0bCRKXVHrYH%2FaQAyyzd3n2EbhMNDqGBFxgtZV2dMc2Q1uyAKSTrV5jxQxUm13WigbJMg96HaRL2cTB7QK6BGuerVU6%2Bw8sP1wCTenycrSkpg9jJcWf2q6hirkwLw3xMQiydLYQMkpcN6jjs7ptGzmp7osxJFE2lp6%2FFiPpsxR5hoiC%2Bdeu3zaQNRIyMFE2Fc0%2B1NT7FQ1FwUoeogErhzUxbhic0pA3ImrA0UrX9Rqb3Yg36e9gfnqAxYmausEaFO2MbIDgKjitSzANj663NhCKVecOfHjAAf9sLyjBc13VUxgYgIF%2FRMr1opaYrUaqE1ihrzf5MaFH%2FK%2BWWKwMpe0Ejy5C1EiVHfMZhdE%2Bw6grY9I1vosz3NUks5bkn7trFoWWhQxKFhLAcBLMWjzH1qgsSGlAH8mq1iE0jGD4gU380OyqA9fcz6HiGYvY91Fr2YSFlrwE5Oa9ZZHVCnAMmohuRyRWD9H7PW6nhz3kSv24cMCWBrCF3nBH%2BXZfhzV448L%2FBWtO61BLrqYfqNyygw1dejAJtlWMoa3Ium0S%2FhmM73gCpFEiWf2WyKNL4GCHnhfFwVijfQr8RJYFYXQPBZz8qlbcFQXHPyRg5a%2BZEQHUUhz9HuQ%2FHw2pHUhpuOUmkcUmvVBvvCBYvH5q7pGsBIctVV0KSgqvSblfzQ%2BWRlovt%2BfmNPODjbUhHaTcStGeYP%2Bw%3D%3D&v=1
INFO: [ app_init ] --START--
INFO: Run Behavior\BuildLiteBehavior [ RunTime:0.000009s ]
INFO: [ app_init ] --END-- [ RunTime:0.000476s ]
ERR: 无法加载模块:Messenger-front

[ 2019-04-16T21:18:31+08:00 ] 127.0.0.1 /Public/static/image/common/pn.png
INFO: [ app_init ] --START--
INFO: Run Behavior\BuildLiteBehavior [ RunTime:0.000011s ]
INFO: [ app_init ] --END-- [ RunTime:0.000492s ]

[ 2019-04-16T21:18:31+08:00 ] 127.0.0.1 /Public/static/image/common/midavt_shadow.gif
INFO: [ app_init ] --START--
INFO: Run Behavior\BuildLiteBehavior [ RunTime:0.000011s ]
INFO: [ app_init ] --END-- [ RunTime:0.000482s ]

[ 2019-04-16T21:26:31+08:00 ] 127.0.0.1 /Public/static/image/common/px.png
INFO: [ app_init ] --START--
INFO: Run Behavior\BuildLiteBehavior [ RunTime:0.000018s ]
INFO: [ app_init ] --END-- [ RunTime:0.001211s ]

[ 2019-04-16T21:26:51+08:00 ] 127.0.0.1 /Public/static/image/common/pn.png
INFO: [ app_init ] --START--
INFO: Run Behavior\BuildLiteBehavior [ RunTime:0.000010s ]
INFO: [ app_init ] --END-- [ RunTime:0.000591s ]

[ 2019-04-16T21:26:51+08:00 ] 127.0.0.1 /Public/static/image/common/midavt_shadow.gif
INFO: [ app_init ] --START--
INFO: Run Behavior\BuildLiteBehavior [ RunTime:0.000009s ]
INFO: [ app_init ] --END-- [ RunTime:0.000476s ]

[ 2019-04-16T22:44:01+08:00 ] 127.0.0.1 /messenger-front/get?c=nN640gDS6Ju8RFkPAu7fvTc%2FvCvtkQ3C0sZ7N9KRE16Nyuo0Va206kbW08QJLe6cqQjcpaBiK5UWJgubl4jimQ8ZEsSwshHepb64mC8TMo%2FnL%2BIDgP5oq4Cz2GsHxGjoTuzRTFq9JiflFKxs6opviga%2BULZKefk1qND9HVkzpgMQZaAACGUQO2kc%2BzRyCnkbRsaBtk3UGvoXN6XJnQn8shT1IasgxxdK9JJMDONDvSkKQFeMubQOiMDEpxNXDMe%2BWOMGk3QfDimTM3ZFcQjaZc6aGTVjW%2FYcE5JMhDnSu8oKWtfS3zOsIf0uI%2FqOG1QJBJ%2FeEM631G%2BQHyMVCBEGadsxhlgv2I38PPd6p%2BYJSYCl7sQFrTcCmk04ZQUaGhoso%2Bn1qjN5pHRnKkLZu8fhgPKVYTM2uXLTnIJ0SANNjkyhNE%2BtRNl%2B991%2BlKnanhsXgNH9vbjhVbwnte1z4e5hUTGknroOkJx37e8gskJVnMVoLjr8GRQe7sGwr6bjqVuPVtYLiRhLgYKwQOtUO7i%2FjZrqIzXuUmmXwln59yZLjGXvUUTfX4jLwCIznu7KxJ9Q8DhT3gfPxWHPQ3jqFS5eZskDvRvY5eSM%2FlRnH%2Bwc2ko4gDRhHbhOsk7ZOGB7cSakJVC97cVu6cFDwTUHYOYzkNdcHTc7uuh4p99ojNGm0Gl9yC7Ij%2FftI53CEmVIyYuf7Z3QniPa5RpPFQj8yCA6peprRH7t2ZmN&v=1
INFO: [ app_init ] --START--
INFO: Run Behavior\BuildLiteBehavior [ RunTime:0.000004s ]
INFO: [ app_init ] --END-- [ RunTime:0.000281s ]
ERR: 无法加载模块:Messenger-front

