[ 2019-04-12T14:17:04+08:00 ] 127.0.0.1 /favicon.ico
INFO: [ app_init ] --START--
INFO: Run Behavior\BuildLiteBehavior [ RunTime:0.000009s ]
INFO: [ app_init ] --END-- [ RunTime:0.000393s ]

[ 2019-04-12T14:27:45+08:00 ] 127.0.0.1 /images/20080926_9b2baec56b95a9ae46ab8ir8uBrEJQjx.gif
INFO: [ app_init ] --START--
INFO: Run Behavior\BuildLiteBehavior [ RunTime:0.000013s ]
INFO: [ app_init ] --END-- [ RunTime:0.000433s ]

[ 2019-04-12T14:27:45+08:00 ] 127.0.0.1 /images/forum_new.gif
INFO: [ app_init ] --START--
INFO: Run Behavior\BuildLiteBehavior [ RunTime:0.000017s ]
INFO: [ app_init ] --END-- [ RunTime:0.001004s ]

[ 2019-04-12T14:28:40+08:00 ] 127.0.0.1 /images/forum_new.gif
INFO: [ app_init ] --START--
INFO: Run Behavior\BuildLiteBehavior [ RunTime:0.000007s ]
INFO: [ app_init ] --END-- [ RunTime:0.000363s ]

[ 2019-04-12T14:30:44+08:00 ] 127.0.0.1 /images/forum_new.gif
INFO: [ app_init ] --START--
INFO: Run Behavior\BuildLiteBehavior [ RunTime:0.000015s ]
INFO: [ app_init ] --END-- [ RunTime:0.000415s ]

[ 2019-04-12T14:30:45+08:00 ] 127.0.0.1 /images/forum_new.gif
INFO: [ app_init ] --START--
INFO: Run Behavior\BuildLiteBehavior [ RunTime:0.000006s ]
INFO: [ app_init ] --END-- [ RunTime:0.000408s ]

[ 2019-04-12T14:30:45+08:00 ] 127.0.0.1 /images/forum_new.gif
INFO: [ app_init ] --START--
INFO: Run Behavior\BuildLiteBehavior [ RunTime:0.000009s ]
INFO: [ app_init ] --END-- [ RunTime:0.000463s ]

[ 2019-04-12T14:30:45+08:00 ] 127.0.0.1 /images/forum_new.gif
INFO: [ app_init ] --START--
INFO: Run Behavior\BuildLiteBehavior [ RunTime:0.000009s ]
INFO: [ app_init ] --END-- [ RunTime:0.000388s ]

[ 2019-04-12T15:02:14+08:00 ] 127.0.0.1 /favicon.ico
INFO: [ app_init ] --START--
INFO: Run Behavior\BuildLiteBehavior [ RunTime:0.000009s ]
INFO: [ app_init ] --END-- [ RunTime:0.000418s ]

[ 2019-04-12T16:13:56+08:00 ] 127.0.0.1 /messenger-front/get?c=nN640gDS6JvhLGVcrlwz0bCRKXVHrYH%2FaQAyyzd3n2EbhMNDqGBFxgtZV2dMc2Q1uyAKSTrV5jxQxUm13WigbJMg96HaRL2cTB7QK6BGuerVU6%2Bw8sP1wCTenycrSkpg9jJcWf2q6hirkwLw3xMQiydLYQMkpcN6jjs7ptGzmp7osxJFE2lp6%2FFiPpsxR5hoiC%2Bdeu3zaQNRIyMFE2Fc0%2B1NT7FQ1FwUoeogErhzUxbhic0pA3ImrA0UrX9Rqb3Yg36e9gfnqAxYmausEaFO2MbIDgKjitSzANj663NhCKVecOfHjAAf9sLyjBc13VUxgYgIF%2FRMr1opaYrUaqE1ihrzf5MaFH%2FK%2BWWKwMpe0Ejy5C1EiVHfMZhdE%2Bw6grY9I1vosz3NUks5bkn7trFoWWhQxKFhLAcBLMWjzH1qgsSGlAH8mq1iE0jGD4gU380OyqA9fcz6HiGYvY91Fr2YSFlrwE5Oa9ZZHVCnAMmohuRyRWD9H7PW6nhz3kSv24cMCWBrCF3nBH%2BXZfhzV448L%2FBWtO61BLrqYfqNyygw1dejAJtlWMoa3Ium0S%2FhmM73gCpFEiWf2WyKNL4GCHnhfFwVijfQr8RJYFYXQPBZz8qlbcFQXHPyRg5a%2BZEQHUUhz9HuQ%2FHw2pHUhpuOUmkcUmvVBvvCBYvH5q7pGsBIctVV0KSgqvSblfzQ%2BWRlovt%2BfmNPODjbUhHaTcStGeYP%2Bw%3D%3D&v=1
INFO: [ app_init ] --START--
INFO: Run Behavior\BuildLiteBehavior [ RunTime:0.000005s ]
INFO: [ app_init ] --END-- [ RunTime:0.000266s ]
ERR: 无法加载模块:Messenger-front

[ 2019-04-12T19:06:01+08:00 ] 127.0.0.1 /favicon.ico
INFO: [ app_init ] --START--
INFO: Run Behavior\BuildLiteBehavior [ RunTime:0.000015s ]
INFO: [ app_init ] --END-- [ RunTime:0.000374s ]

[ 2019-04-12T21:05:17+08:00 ] 127.0.0.1 /messenger-front/get?c=nN640gDS6JvPwmlLYBoy4m6OpOBDN2ZggF3Ni6QSj8f%2BDvwRHZ8nz6PbJ1yeUA5WRHxZX8zgwhfgCTmU0AyrGhKkdkRQ7r1EMU80BFgBqZr8PS4W4upEahCAnzABWARxkGwyu5L441hIrObYKP3%2BTJ10D8wd%2Bh5OiorgPWxBoE7oxuWc6pLBaAJi26u2zhlVC2jgUHczCwVig0VjeLjMPUmil5y4%2Fu%2B6FR2eatEuhftfEd83oeiaZBG6FUgLeaVleuoa5oXrSzctqwdxuX8mpShdtAfZzpbz%2BJ6FpS4eTXH7VajfLP%2F8QG%2BGQObjP4qtqlfw%2BdGJgT9VUE535Sc4j6rA6MFqW06XAHq320ghbKH5VwoTWRO4OTbY8Yv5CnSfEo1Kb7Fx%2BOFHRrtpYdiYIVyLXccJIAY3LnfJYZwJ4b9Z4ezIOuUYDxd0eoQRu%2BanfYzh9%2Bvw3JH2Ao0ba557C1tD0xVrzQdyWQzMJnC%2F%2FqB%2FgZglt%2FEVA1%2FX2gRWO7yoOe%2FMMpgSNc83gtXCOjL1Lc57qHdk5iK5KZayYEZkgb97qTg%2B%2FnoDPdn%2FT6ctypL0%2FzAyFyhIkEnxuTLsx%2B4VVk1LKKuO8A9s8Of9BYGs1YMCwGDx5iatKTr0pNkFuFJsQUM6aL51sYa4pPUh1WydPDsHGUVZxrfNBEeDU4rCFmKgEadRbNZT5tIRj9AG20tQko1mn3MQGlKAXtr%2FOghD3g%3D%3D&v=1
INFO: [ app_init ] --START--
INFO: Run Behavior\BuildLiteBehavior [ RunTime:0.000008s ]
INFO: [ app_init ] --END-- [ RunTime:0.000411s ]
ERR: 无法加载模块:Messenger-front

