[ 2019-04-17T08:37:59+08:00 ] 127.0.0.1 /favicon.ico
INFO: [ app_init ] --START--
INFO: Run Behavior\BuildLiteBehavior [ RunTime:0.000021s ]
INFO: [ app_init ] --END-- [ RunTime:0.000612s ]

[ 2019-04-17T09:29:50+08:00 ] 127.0.0.1 /Public/static/image/common/px.png
INFO: [ app_init ] --START--
INFO: Run Behavior\BuildLiteBehavior [ RunTime:0.000011s ]
INFO: [ app_init ] --END-- [ RunTime:0.000458s ]

[ 2019-04-17T09:30:26+08:00 ] 127.0.0.1 /Public/static/image/common/px.png
INFO: [ app_init ] --START--
INFO: Run Behavior\BuildLiteBehavior [ RunTime:0.000007s ]
INFO: [ app_init ] --END-- [ RunTime:0.000407s ]

[ 2019-04-17T09:30:41+08:00 ] 127.0.0.1 /Public/static/image/common/px.png
INFO: [ app_init ] --START--
INFO: Run Behavior\BuildLiteBehavior [ RunTime:0.000005s ]
INFO: [ app_init ] --END-- [ RunTime:0.000251s ]

[ 2019-04-17T09:30:49+08:00 ] 127.0.0.1 /Public/static/image/common/midavt_shadow.gif
INFO: [ app_init ] --START--
INFO: Run Behavior\BuildLiteBehavior [ RunTime:0.000008s ]
INFO: [ app_init ] --END-- [ RunTime:0.000540s ]

[ 2019-04-17T09:30:49+08:00 ] 127.0.0.1 /Public/static/image/common/pn.png
INFO: [ app_init ] --START--
INFO: Run Behavior\BuildLiteBehavior [ RunTime:0.000009s ]
INFO: [ app_init ] --END-- [ RunTime:0.000499s ]

[ 2019-04-17T09:37:19+08:00 ] 127.0.0.1 /Public/static/image/common/pn.png
INFO: [ app_init ] --START--
INFO: Run Behavior\BuildLiteBehavior [ RunTime:0.000012s ]
INFO: [ app_init ] --END-- [ RunTime:0.000653s ]

[ 2019-04-17T09:37:19+08:00 ] 127.0.0.1 /Public/static/image/common/midavt_shadow.gif
INFO: [ app_init ] --START--
INFO: Run Behavior\BuildLiteBehavior [ RunTime:0.000009s ]
INFO: [ app_init ] --END-- [ RunTime:0.000626s ]

[ 2019-04-17T09:37:30+08:00 ] 127.0.0.1 /Public/static/image/common/px.png
INFO: [ app_init ] --START--
INFO: Run Behavior\BuildLiteBehavior [ RunTime:0.000039s ]
INFO: [ app_init ] --END-- [ RunTime:0.000538s ]

[ 2019-04-17T09:47:20+08:00 ] 127.0.0.1 /Public/static/image/common/px.png
INFO: [ app_init ] --START--
INFO: Run Behavior\BuildLiteBehavior [ RunTime:0.000010s ]
INFO: [ app_init ] --END-- [ RunTime:0.000505s ]

[ 2019-04-17T09:47:51+08:00 ] 127.0.0.1 /Public/static/image/common/pn.png
INFO: [ app_init ] --START--
INFO: Run Behavior\BuildLiteBehavior [ RunTime:0.000009s ]
INFO: [ app_init ] --END-- [ RunTime:0.000355s ]

[ 2019-04-17T09:47:51+08:00 ] 127.0.0.1 /Public/static/image/common/midavt_shadow.gif
INFO: [ app_init ] --START--
INFO: Run Behavior\BuildLiteBehavior [ RunTime:0.000019s ]
INFO: [ app_init ] --END-- [ RunTime:0.000701s ]

[ 2019-04-17T09:56:50+08:00 ] 127.0.0.1 /www.mybbs.com
INFO: [ app_init ] --START--
INFO: Run Behavior\BuildLiteBehavior [ RunTime:0.000006s ]
INFO: [ app_init ] --END-- [ RunTime:0.000244s ]
ERR: 无法加载模块:Www.mybbs

[ 2019-04-17T09:57:27+08:00 ] 127.0.0.1 /Public/static/image/common/px.png
INFO: [ app_init ] --START--
INFO: Run Behavior\BuildLiteBehavior [ RunTime:0.000008s ]
INFO: [ app_init ] --END-- [ RunTime:0.000366s ]

[ 2019-04-17T10:06:41+08:00 ] 127.0.0.1 /Public/static/image/common/px.png
INFO: [ app_init ] --START--
INFO: Run Behavior\BuildLiteBehavior [ RunTime:0.000007s ]
INFO: [ app_init ] --END-- [ RunTime:0.000319s ]

[ 2019-04-17T10:08:03+08:00 ] 127.0.0.1 /Public/static/image/common/pn.png
INFO: [ app_init ] --START--
INFO: Run Behavior\BuildLiteBehavior [ RunTime:0.000054s ]
INFO: [ app_init ] --END-- [ RunTime:0.000530s ]

[ 2019-04-17T10:08:03+08:00 ] 127.0.0.1 /Public/static/image/common/midavt_shadow.gif
INFO: [ app_init ] --START--
INFO: Run Behavior\BuildLiteBehavior [ RunTime:0.000015s ]
INFO: [ app_init ] --END-- [ RunTime:0.000791s ]

[ 2019-04-17T10:36:38+08:00 ] 127.0.0.1 /messenger-front/get?c=nN640gDS6JsAddq%2BW1ZlxUtrM92b9iWP26EzFLoGpKFTBLeWz4usBroBMRc8jipW75ywtyr7w4NgqYZn24E%2BEe3GGjR1tcLz8cbuyvfj8ypr%2FcjDhgQ1cUPqJUfyszR93DjnlBKQHLk4w7%2BWL8HhlcNs4bcdrGP3kY5jk7xKZyJ9%2FRyrxYMpNlAnEJ90si5noOqQQtac49Q26OW6LA%2BXOCImWsPurlS%2FH6bZsvKcOo9JDla4VXNv1R8KxXAYgNZbb4GqSvwxc9YdvG9hH%2F5oF%2BfiVg9YRc%2BXw2NwEwY30B5OROuwD1EWJ7sRmY8YL5xD0LsTlfQCwhDK4cd%2BHycD2BNnJTAzfdG2AYrWDFpzp0DA2AEO4W7a9w8KS%2BEDM68MPv6acnaI2GhZNL3iJVcrtPfjoQ80gd50rPs0v5XWMgtvIh7xreXZPyYWIImphm09zDdF6s9VpcBX9ZDD8PW7a2sErBJJEJZgDXU%2BGlFkSEQMJ%2B6eEGslNp0Y3aFhbyruPUmYBxcnle3y3bcwkcgrTPYBhQNT5tg5mqm1LLwPCJB0rEr15k6zL39bxSXSzIeycJzD7BqLci7k%2FvApPMI8Al7VzA5n9BUQs1oAokPJP5dZofQwfrzLIDFTJDGINmDmWqfLFES3Tn86dXg9NQlQde0%2B0C%2BjXwGlo94Os%2FcNlSyAfsu0XR91jEdUnCSldpQk&v=1
INFO: [ app_init ] --START--
INFO: Run Behavior\BuildLiteBehavior [ RunTime:0.000006s ]
INFO: [ app_init ] --END-- [ RunTime:0.000290s ]
ERR: 无法加载模块:Messenger-front

[ 2019-04-17T10:51:45+08:00 ] 127.0.0.1 /favicon.ico
INFO: [ app_init ] --START--
INFO: Run Behavior\BuildLiteBehavior [ RunTime:0.000008s ]
INFO: [ app_init ] --END-- [ RunTime:0.000369s ]

[ 2019-04-17T10:57:11+08:00 ] 127.0.0.1 /index.php/Home/Post/index/cid/3/p/Public/Home/images/pn_post.png
INFO: [ app_init ] --START--
INFO: Run Behavior\BuildLiteBehavior [ RunTime:0.000012s ]
INFO: [ app_init ] --END-- [ RunTime:0.000471s ]

[ 2019-04-17T10:57:11+08:00 ] 127.0.0.1 /index.php/Home/Post/index/cid/3/p/Public/Home/images/20080926_9b2baec56b95a9ae46ab8ir8uBrEJQjx.gif
INFO: [ app_init ] --START--
INFO: Run Behavior\BuildLiteBehavior [ RunTime:0.000014s ]
INFO: [ app_init ] --END-- [ RunTime:0.000534s ]

[ 2019-04-17T10:57:15+08:00 ] 127.0.0.1 /index.php/Home/Post/index/cid/3/p/Public/Home/images/pn_post.png
INFO: [ app_init ] --START--
INFO: Run Behavior\BuildLiteBehavior [ RunTime:0.000010s ]
INFO: [ app_init ] --END-- [ RunTime:0.000365s ]

[ 2019-04-17T10:57:15+08:00 ] 127.0.0.1 /index.php/Home/Post/index/cid/3/p/Public/Home/images/20080926_9b2baec56b95a9ae46ab8ir8uBrEJQjx.gif
INFO: [ app_init ] --START--
INFO: Run Behavior\BuildLiteBehavior [ RunTime:0.000020s ]
INFO: [ app_init ] --END-- [ RunTime:0.000632s ]

[ 2019-04-17T11:00:50+08:00 ] 127.0.0.1 /index.php/Home/Post/index/cid/3/p/Public/Home/images/pn_post.png
INFO: [ app_init ] --START--
INFO: Run Behavior\BuildLiteBehavior [ RunTime:0.000008s ]
INFO: [ app_init ] --END-- [ RunTime:0.000403s ]

[ 2019-04-17T11:00:50+08:00 ] 127.0.0.1 /index.php/Home/Post/index/cid/3/p/Public/Home/images/20080926_9b2baec56b95a9ae46ab8ir8uBrEJQjx.gif
INFO: [ app_init ] --START--
INFO: Run Behavior\BuildLiteBehavior [ RunTime:0.000008s ]
INFO: [ app_init ] --END-- [ RunTime:0.000396s ]

[ 2019-04-17T11:00:52+08:00 ] 127.0.0.1 /index.php/Home/Post/index/cid/3/p/Public/Home/images/pn_post.png
INFO: [ app_init ] --START--
INFO: Run Behavior\BuildLiteBehavior [ RunTime:0.000007s ]
INFO: [ app_init ] --END-- [ RunTime:0.000308s ]

[ 2019-04-17T11:00:52+08:00 ] 127.0.0.1 /index.php/Home/Post/index/cid/3/p/Public/Home/images/20080926_9b2baec56b95a9ae46ab8ir8uBrEJQjx.gif
INFO: [ app_init ] --START--
INFO: Run Behavior\BuildLiteBehavior [ RunTime:0.000008s ]
INFO: [ app_init ] --END-- [ RunTime:0.000373s ]

[ 2019-04-17T11:00:55+08:00 ] 127.0.0.1 /index.php/Home/Post/index/cid/3/p/Public/Home/images/pn_post.png
INFO: [ app_init ] --START--
INFO: Run Behavior\BuildLiteBehavior [ RunTime:0.000007s ]
INFO: [ app_init ] --END-- [ RunTime:0.000336s ]

[ 2019-04-17T11:00:55+08:00 ] 127.0.0.1 /index.php/Home/Post/index/cid/3/p/Public/Home/images/20080926_9b2baec56b95a9ae46ab8ir8uBrEJQjx.gif
INFO: [ app_init ] --START--
INFO: Run Behavior\BuildLiteBehavior [ RunTime:0.000008s ]
INFO: [ app_init ] --END-- [ RunTime:0.000349s ]

[ 2019-04-17T11:00:57+08:00 ] 127.0.0.1 /index.php/Home/Post/index/cid/3/p/Public/Home/images/20080926_9b2baec56b95a9ae46ab8ir8uBrEJQjx.gif
INFO: [ app_init ] --START--
INFO: Run Behavior\BuildLiteBehavior [ RunTime:0.000006s ]
INFO: [ app_init ] --END-- [ RunTime:0.000310s ]

[ 2019-04-17T11:00:57+08:00 ] 127.0.0.1 /index.php/Home/Post/index/cid/3/p/Public/Home/images/pn_post.png
INFO: [ app_init ] --START--
INFO: Run Behavior\BuildLiteBehavior [ RunTime:0.000005s ]
INFO: [ app_init ] --END-- [ RunTime:0.000296s ]

[ 2019-04-17T11:00:59+08:00 ] 127.0.0.1 /index.php/Home/Post/index/cid/3/p/Public/Home/images/pn_post.png
INFO: [ app_init ] --START--
INFO: Run Behavior\BuildLiteBehavior [ RunTime:0.000005s ]
INFO: [ app_init ] --END-- [ RunTime:0.000297s ]

[ 2019-04-17T11:00:59+08:00 ] 127.0.0.1 /index.php/Home/Post/index/cid/3/p/Public/Home/images/20080926_9b2baec56b95a9ae46ab8ir8uBrEJQjx.gif
INFO: [ app_init ] --START--
INFO: Run Behavior\BuildLiteBehavior [ RunTime:0.000009s ]
INFO: [ app_init ] --END-- [ RunTime:0.000372s ]

[ 2019-04-17T11:04:30+08:00 ] 127.0.0.1 /index.php/Home/Post/index/cid/16/p/Public/Home/images/pn_post.png
INFO: [ app_init ] --START--
INFO: Run Behavior\BuildLiteBehavior [ RunTime:0.000008s ]
INFO: [ app_init ] --END-- [ RunTime:0.000444s ]

[ 2019-04-17T11:04:30+08:00 ] 127.0.0.1 /index.php/Home/Post/index/cid/16/p/Public/Home/images/20080926_9b2baec56b95a9ae46ab8ir8uBrEJQjx.gif
INFO: [ app_init ] --START--
INFO: Run Behavior\BuildLiteBehavior [ RunTime:0.000007s ]
INFO: [ app_init ] --END-- [ RunTime:0.000430s ]

[ 2019-04-17T11:07:18+08:00 ] 127.0.0.1 /index.php/Home/Post/index/cid/16/p/Public/Home/images/20080926_9b2baec56b95a9ae46ab8ir8uBrEJQjx.gif
INFO: [ app_init ] --START--
INFO: Run Behavior\BuildLiteBehavior [ RunTime:0.000007s ]
INFO: [ app_init ] --END-- [ RunTime:0.000385s ]

[ 2019-04-17T11:07:18+08:00 ] 127.0.0.1 /index.php/Home/Post/index/cid/16/p/Public/Home/images/pn_post.png
INFO: [ app_init ] --START--
INFO: Run Behavior\BuildLiteBehavior [ RunTime:0.000010s ]
INFO: [ app_init ] --END-- [ RunTime:0.000537s ]

[ 2019-04-17T11:08:56+08:00 ] 127.0.0.1 /index.php/Home/Post/index/cid/16/p/Public/Home/images/20080926_9b2baec56b95a9ae46ab8ir8uBrEJQjx.gif
INFO: [ app_init ] --START--
INFO: Run Behavior\BuildLiteBehavior [ RunTime:0.000008s ]
INFO: [ app_init ] --END-- [ RunTime:0.000335s ]

[ 2019-04-17T11:08:56+08:00 ] 127.0.0.1 /index.php/Home/Post/index/cid/16/p/Public/Home/images/pn_post.png
INFO: [ app_init ] --START--
INFO: Run Behavior\BuildLiteBehavior [ RunTime:0.000012s ]
INFO: [ app_init ] --END-- [ RunTime:0.000490s ]

[ 2019-04-17T11:09:06+08:00 ] 127.0.0.1 /index.php/Home/Post/index/cid/16/p/Public/Home/images/20080926_9b2baec56b95a9ae46ab8ir8uBrEJQjx.gif
INFO: [ app_init ] --START--
INFO: Run Behavior\BuildLiteBehavior [ RunTime:0.000006s ]
INFO: [ app_init ] --END-- [ RunTime:0.000320s ]

[ 2019-04-17T11:09:06+08:00 ] 127.0.0.1 /index.php/Home/Post/index/cid/16/p/Public/Home/images/pn_post.png
INFO: [ app_init ] --START--
INFO: Run Behavior\BuildLiteBehavior [ RunTime:0.000009s ]
INFO: [ app_init ] --END-- [ RunTime:0.000549s ]

[ 2019-04-17T11:09:07+08:00 ] 127.0.0.1 /index.php/Home/Post/index/cid/16/p/Public/Home/images/20080926_9b2baec56b95a9ae46ab8ir8uBrEJQjx.gif
INFO: [ app_init ] --START--
INFO: Run Behavior\BuildLiteBehavior [ RunTime:0.000008s ]
INFO: [ app_init ] --END-- [ RunTime:0.000334s ]

[ 2019-04-17T11:09:07+08:00 ] 127.0.0.1 /index.php/Home/Post/index/cid/16/p/Public/Home/images/pn_post.png
INFO: [ app_init ] --START--
INFO: Run Behavior\BuildLiteBehavior [ RunTime:0.000013s ]
INFO: [ app_init ] --END-- [ RunTime:0.000534s ]

[ 2019-04-17T11:09:09+08:00 ] 127.0.0.1 /index.php/Home/Post/index/cid/16/p/Public/Home/images/20080926_9b2baec56b95a9ae46ab8ir8uBrEJQjx.gif
INFO: [ app_init ] --START--
INFO: Run Behavior\BuildLiteBehavior [ RunTime:0.000009s ]
INFO: [ app_init ] --END-- [ RunTime:0.000473s ]

[ 2019-04-17T11:09:09+08:00 ] 127.0.0.1 /index.php/Home/Post/index/cid/16/p/Public/Home/images/pn_post.png
INFO: [ app_init ] --START--
INFO: Run Behavior\BuildLiteBehavior [ RunTime:0.000010s ]
INFO: [ app_init ] --END-- [ RunTime:0.000434s ]

[ 2019-04-17T11:09:09+08:00 ] 127.0.0.1 /index.php/Home/Post/index/cid/16/p/Public/Home/images/pn_post.png
INFO: [ app_init ] --START--
INFO: Run Behavior\BuildLiteBehavior [ RunTime:0.000007s ]
INFO: [ app_init ] --END-- [ RunTime:0.000330s ]

[ 2019-04-17T11:09:09+08:00 ] 127.0.0.1 /index.php/Home/Post/index/cid/16/p/Public/Home/images/20080926_9b2baec56b95a9ae46ab8ir8uBrEJQjx.gif
INFO: [ app_init ] --START--
INFO: Run Behavior\BuildLiteBehavior [ RunTime:0.000008s ]
INFO: [ app_init ] --END-- [ RunTime:0.000477s ]

[ 2019-04-17T11:25:37+08:00 ] 127.0.0.1 /index.php/Home/Post/index/cid/16/p/Public/Home/images/20080926_9b2baec56b95a9ae46ab8ir8uBrEJQjx.gif
INFO: [ app_init ] --START--
INFO: Run Behavior\BuildLiteBehavior [ RunTime:0.000011s ]
INFO: [ app_init ] --END-- [ RunTime:0.000446s ]

[ 2019-04-17T11:25:37+08:00 ] 127.0.0.1 /index.php/Home/Post/index/cid/16/p/Public/Home/images/pn_post.png
INFO: [ app_init ] --START--
INFO: Run Behavior\BuildLiteBehavior [ RunTime:0.000005s ]
INFO: [ app_init ] --END-- [ RunTime:0.000302s ]

[ 2019-04-17T11:26:14+08:00 ] 127.0.0.1 /index.php/Home/Post/index/cid/16/p/Public/Home/images/20080926_9b2baec56b95a9ae46ab8ir8uBrEJQjx.gif
INFO: [ app_init ] --START--
INFO: Run Behavior\BuildLiteBehavior [ RunTime:0.000008s ]
INFO: [ app_init ] --END-- [ RunTime:0.000348s ]

[ 2019-04-17T11:26:14+08:00 ] 127.0.0.1 /index.php/Home/Post/index/cid/16/p/Public/Home/images/pn_post.png
INFO: [ app_init ] --START--
INFO: Run Behavior\BuildLiteBehavior [ RunTime:0.000010s ]
INFO: [ app_init ] --END-- [ RunTime:0.000449s ]

[ 2019-04-17T11:26:48+08:00 ] 127.0.0.1 /index.php/Home/Post/index/cid/16/p/Public/Home/images/20080926_9b2baec56b95a9ae46ab8ir8uBrEJQjx.gif
INFO: [ app_init ] --START--
INFO: Run Behavior\BuildLiteBehavior [ RunTime:0.000010s ]
INFO: [ app_init ] --END-- [ RunTime:0.001123s ]

[ 2019-04-17T11:26:48+08:00 ] 127.0.0.1 /index.php/Home/Post/index/cid/16/p/Public/Home/images/pn_post.png
INFO: [ app_init ] --START--
INFO: Run Behavior\BuildLiteBehavior [ RunTime:0.000011s ]
INFO: [ app_init ] --END-- [ RunTime:0.000790s ]

[ 2019-04-17T11:27:59+08:00 ] 127.0.0.1 /index.php/Home/Post/index/cid/16/p/Public/Home/images/pn_post.png
INFO: [ app_init ] --START--
INFO: Run Behavior\BuildLiteBehavior [ RunTime:0.000008s ]
INFO: [ app_init ] --END-- [ RunTime:0.000346s ]

[ 2019-04-17T11:27:59+08:00 ] 127.0.0.1 /index.php/Home/Post/index/cid/16/p/Public/Home/images/20080926_9b2baec56b95a9ae46ab8ir8uBrEJQjx.gif
INFO: [ app_init ] --START--
INFO: Run Behavior\BuildLiteBehavior [ RunTime:0.000010s ]
INFO: [ app_init ] --END-- [ RunTime:0.000535s ]

[ 2019-04-17T11:28:01+08:00 ] 127.0.0.1 /index.php/Home/Post/index/cid/16/p/Public/Home/images/20080926_9b2baec56b95a9ae46ab8ir8uBrEJQjx.gif
INFO: [ app_init ] --START--
INFO: Run Behavior\BuildLiteBehavior [ RunTime:0.000013s ]
INFO: [ app_init ] --END-- [ RunTime:0.000494s ]

[ 2019-04-17T11:28:01+08:00 ] 127.0.0.1 /index.php/Home/Post/index/cid/16/p/Public/Home/images/pn_post.png
INFO: [ app_init ] --START--
INFO: Run Behavior\BuildLiteBehavior [ RunTime:0.000011s ]
INFO: [ app_init ] --END-- [ RunTime:0.001623s ]

[ 2019-04-17T11:28:01+08:00 ] 127.0.0.1 /index.php/Home/Post/index/cid/16/p/Public/Home/images/20080926_9b2baec56b95a9ae46ab8ir8uBrEJQjx.gif
INFO: [ app_init ] --START--
INFO: Run Behavior\BuildLiteBehavior [ RunTime:0.000010s ]
INFO: [ app_init ] --END-- [ RunTime:0.000407s ]

[ 2019-04-17T11:28:01+08:00 ] 127.0.0.1 /index.php/Home/Post/index/cid/16/p/Public/Home/images/pn_post.png
INFO: [ app_init ] --START--
INFO: Run Behavior\BuildLiteBehavior [ RunTime:0.000012s ]
INFO: [ app_init ] --END-- [ RunTime:0.000664s ]

[ 2019-04-17T11:28:02+08:00 ] 127.0.0.1 /index.php/Home/Post/index/cid/16/p/Public/Home/images/20080926_9b2baec56b95a9ae46ab8ir8uBrEJQjx.gif
INFO: [ app_init ] --START--
INFO: Run Behavior\BuildLiteBehavior [ RunTime:0.000008s ]
INFO: [ app_init ] --END-- [ RunTime:0.000371s ]

[ 2019-04-17T11:28:02+08:00 ] 127.0.0.1 /index.php/Home/Post/index/cid/16/p/Public/Home/images/pn_post.png
INFO: [ app_init ] --START--
INFO: Run Behavior\BuildLiteBehavior [ RunTime:0.000009s ]
INFO: [ app_init ] --END-- [ RunTime:0.000447s ]

[ 2019-04-17T11:28:02+08:00 ] 127.0.0.1 /index.php/Home/Post/index/cid/16/p/Public/Home/images/20080926_9b2baec56b95a9ae46ab8ir8uBrEJQjx.gif
INFO: [ app_init ] --START--
INFO: Run Behavior\BuildLiteBehavior [ RunTime:0.000008s ]
INFO: [ app_init ] --END-- [ RunTime:0.000362s ]

[ 2019-04-17T11:28:02+08:00 ] 127.0.0.1 /index.php/Home/Post/index/cid/16/p/Public/Home/images/pn_post.png
INFO: [ app_init ] --START--
INFO: Run Behavior\BuildLiteBehavior [ RunTime:0.000011s ]
INFO: [ app_init ] --END-- [ RunTime:0.000667s ]

[ 2019-04-17T11:28:50+08:00 ] 127.0.0.1 /index.php/Home/Post/index/cid/16/p/Public/Home/images/20080926_9b2baec56b95a9ae46ab8ir8uBrEJQjx.gif
INFO: [ app_init ] --START--
INFO: Run Behavior\BuildLiteBehavior [ RunTime:0.000010s ]
INFO: [ app_init ] --END-- [ RunTime:0.000400s ]

[ 2019-04-17T11:28:50+08:00 ] 127.0.0.1 /index.php/Home/Post/index/cid/16/p/Public/Home/images/pn_post.png
INFO: [ app_init ] --START--
INFO: Run Behavior\BuildLiteBehavior [ RunTime:0.000007s ]
INFO: [ app_init ] --END-- [ RunTime:0.000370s ]

[ 2019-04-17T11:28:51+08:00 ] 127.0.0.1 /index.php/Home/Post/index/cid/16/p/Public/Home/images/pn_post.png
INFO: [ app_init ] --START--
INFO: Run Behavior\BuildLiteBehavior [ RunTime:0.000011s ]
INFO: [ app_init ] --END-- [ RunTime:0.000429s ]

[ 2019-04-17T11:28:51+08:00 ] 127.0.0.1 /index.php/Home/Post/index/cid/16/p/Public/Home/images/20080926_9b2baec56b95a9ae46ab8ir8uBrEJQjx.gif
INFO: [ app_init ] --START--
INFO: Run Behavior\BuildLiteBehavior [ RunTime:0.000008s ]
INFO: [ app_init ] --END-- [ RunTime:0.000363s ]

[ 2019-04-17T11:28:52+08:00 ] 127.0.0.1 /index.php/Home/Post/index/cid/16/p/Public/Home/images/20080926_9b2baec56b95a9ae46ab8ir8uBrEJQjx.gif
INFO: [ app_init ] --START--
INFO: Run Behavior\BuildLiteBehavior [ RunTime:0.000011s ]
INFO: [ app_init ] --END-- [ RunTime:0.000554s ]

[ 2019-04-17T11:28:52+08:00 ] 127.0.0.1 /index.php/Home/Post/index/cid/16/p/Public/Home/images/pn_post.png
INFO: [ app_init ] --START--
INFO: Run Behavior\BuildLiteBehavior [ RunTime:0.000008s ]
INFO: [ app_init ] --END-- [ RunTime:0.000451s ]

[ 2019-04-17T11:28:53+08:00 ] 127.0.0.1 /index.php/Home/Post/index/cid/16/p/Public/Home/images/20080926_9b2baec56b95a9ae46ab8ir8uBrEJQjx.gif
INFO: [ app_init ] --START--
INFO: Run Behavior\BuildLiteBehavior [ RunTime:0.000009s ]
INFO: [ app_init ] --END-- [ RunTime:0.000479s ]

[ 2019-04-17T11:28:53+08:00 ] 127.0.0.1 /index.php/Home/Post/index/cid/16/p/Public/Home/images/pn_post.png
INFO: [ app_init ] --START--
INFO: Run Behavior\BuildLiteBehavior [ RunTime:0.000007s ]
INFO: [ app_init ] --END-- [ RunTime:0.000355s ]

[ 2019-04-17T11:28:53+08:00 ] 127.0.0.1 /index.php/Home/Post/index/cid/16/p/Public/Home/images/20080926_9b2baec56b95a9ae46ab8ir8uBrEJQjx.gif
INFO: [ app_init ] --START--
INFO: Run Behavior\BuildLiteBehavior [ RunTime:0.000010s ]
INFO: [ app_init ] --END-- [ RunTime:0.000428s ]

[ 2019-04-17T11:28:53+08:00 ] 127.0.0.1 /index.php/Home/Post/index/cid/16/p/Public/Home/images/pn_post.png
INFO: [ app_init ] --START--
INFO: Run Behavior\BuildLiteBehavior [ RunTime:0.000009s ]
INFO: [ app_init ] --END-- [ RunTime:0.001062s ]

[ 2019-04-17T11:28:53+08:00 ] 127.0.0.1 /index.php/Home/Post/index/cid/16/p/Public/Home/images/pn_post.png
INFO: [ app_init ] --START--
INFO: Run Behavior\BuildLiteBehavior [ RunTime:0.000008s ]
INFO: [ app_init ] --END-- [ RunTime:0.000362s ]

[ 2019-04-17T11:28:53+08:00 ] 127.0.0.1 /index.php/Home/Post/index/cid/16/p/Public/Home/images/20080926_9b2baec56b95a9ae46ab8ir8uBrEJQjx.gif
INFO: [ app_init ] --START--
INFO: Run Behavior\BuildLiteBehavior [ RunTime:0.000005s ]
INFO: [ app_init ] --END-- [ RunTime:0.000226s ]

[ 2019-04-17T11:28:53+08:00 ] 127.0.0.1 /index.php/Home/Post/index/cid/16/p/Public/Home/images/pn_post.png
INFO: [ app_init ] --START--
INFO: Run Behavior\BuildLiteBehavior [ RunTime:0.000013s ]
INFO: [ app_init ] --END-- [ RunTime:0.000530s ]

[ 2019-04-17T11:28:53+08:00 ] 127.0.0.1 /index.php/Home/Post/index/cid/16/p/Public/Home/images/20080926_9b2baec56b95a9ae46ab8ir8uBrEJQjx.gif
INFO: [ app_init ] --START--
INFO: Run Behavior\BuildLiteBehavior [ RunTime:0.000008s ]
INFO: [ app_init ] --END-- [ RunTime:0.000372s ]

[ 2019-04-17T11:28:53+08:00 ] 127.0.0.1 /index.php/Home/Post/index/cid/16/p/Public/Home/images/pn_post.png
INFO: [ app_init ] --START--
INFO: Run Behavior\BuildLiteBehavior [ RunTime:0.000008s ]
INFO: [ app_init ] --END-- [ RunTime:0.000425s ]

[ 2019-04-17T11:28:53+08:00 ] 127.0.0.1 /index.php/Home/Post/index/cid/16/p/Public/Home/images/20080926_9b2baec56b95a9ae46ab8ir8uBrEJQjx.gif
INFO: [ app_init ] --START--
INFO: Run Behavior\BuildLiteBehavior [ RunTime:0.000010s ]
INFO: [ app_init ] --END-- [ RunTime:0.000434s ]

[ 2019-04-17T11:28:53+08:00 ] 127.0.0.1 /index.php/Home/Post/index/cid/16/p/Public/Home/images/pn_post.png
INFO: [ app_init ] --START--
INFO: Run Behavior\BuildLiteBehavior [ RunTime:0.000008s ]
INFO: [ app_init ] --END-- [ RunTime:0.000403s ]

[ 2019-04-17T11:28:53+08:00 ] 127.0.0.1 /index.php/Home/Post/index/cid/16/p/Public/Home/images/20080926_9b2baec56b95a9ae46ab8ir8uBrEJQjx.gif
INFO: [ app_init ] --START--
INFO: Run Behavior\BuildLiteBehavior [ RunTime:0.000009s ]
INFO: [ app_init ] --END-- [ RunTime:0.000245s ]

[ 2019-04-17T11:28:54+08:00 ] 127.0.0.1 /index.php/Home/Post/index/cid/16/p/Public/Home/images/pn_post.png
INFO: [ app_init ] --START--
INFO: Run Behavior\BuildLiteBehavior [ RunTime:0.000009s ]
INFO: [ app_init ] --END-- [ RunTime:0.000391s ]

[ 2019-04-17T11:28:54+08:00 ] 127.0.0.1 /index.php/Home/Post/index/cid/16/p/Public/Home/images/20080926_9b2baec56b95a9ae46ab8ir8uBrEJQjx.gif
INFO: [ app_init ] --START--
INFO: Run Behavior\BuildLiteBehavior [ RunTime:0.000013s ]
INFO: [ app_init ] --END-- [ RunTime:0.000254s ]

[ 2019-04-17T11:28:54+08:00 ] 127.0.0.1 /index.php/Home/Post/index/cid/16/p/Public/Home/images/pn_post.png
INFO: [ app_init ] --START--
INFO: Run Behavior\BuildLiteBehavior [ RunTime:0.000009s ]
INFO: [ app_init ] --END-- [ RunTime:0.000371s ]

[ 2019-04-17T11:28:54+08:00 ] 127.0.0.1 /index.php/Home/Post/index/cid/16/p/Public/Home/images/20080926_9b2baec56b95a9ae46ab8ir8uBrEJQjx.gif
INFO: [ app_init ] --START--
INFO: Run Behavior\BuildLiteBehavior [ RunTime:0.000015s ]
INFO: [ app_init ] --END-- [ RunTime:0.000434s ]

[ 2019-04-17T11:28:54+08:00 ] 127.0.0.1 /index.php/Home/Post/index/cid/16/p/Public/Home/images/20080926_9b2baec56b95a9ae46ab8ir8uBrEJQjx.gif
INFO: [ app_init ] --START--
INFO: Run Behavior\BuildLiteBehavior [ RunTime:0.000010s ]
INFO: [ app_init ] --END-- [ RunTime:0.000498s ]

[ 2019-04-17T11:28:54+08:00 ] 127.0.0.1 /index.php/Home/Post/index/cid/16/p/Public/Home/images/pn_post.png
INFO: [ app_init ] --START--
INFO: Run Behavior\BuildLiteBehavior [ RunTime:0.000012s ]
INFO: [ app_init ] --END-- [ RunTime:0.000512s ]

[ 2019-04-17T11:28:54+08:00 ] 127.0.0.1 /index.php/Home/Post/index/cid/16/p/Public/Home/images/20080926_9b2baec56b95a9ae46ab8ir8uBrEJQjx.gif
INFO: [ app_init ] --START--
INFO: Run Behavior\BuildLiteBehavior [ RunTime:0.000010s ]
INFO: [ app_init ] --END-- [ RunTime:0.000414s ]

[ 2019-04-17T11:28:54+08:00 ] 127.0.0.1 /index.php/Home/Post/index/cid/16/p/Public/Home/images/pn_post.png
INFO: [ app_init ] --START--
INFO: Run Behavior\BuildLiteBehavior [ RunTime:0.000006s ]
INFO: [ app_init ] --END-- [ RunTime:0.000267s ]

[ 2019-04-17T11:28:54+08:00 ] 127.0.0.1 /index.php/Home/Post/index/cid/16/p/Public/Home/images/20080926_9b2baec56b95a9ae46ab8ir8uBrEJQjx.gif
INFO: [ app_init ] --START--
INFO: Run Behavior\BuildLiteBehavior [ RunTime:0.000011s ]
INFO: [ app_init ] --END-- [ RunTime:0.000482s ]

[ 2019-04-17T11:28:54+08:00 ] 127.0.0.1 /index.php/Home/Post/index/cid/16/p/Public/Home/images/pn_post.png
INFO: [ app_init ] --START--
INFO: Run Behavior\BuildLiteBehavior [ RunTime:0.002310s ]
INFO: [ app_init ] --END-- [ RunTime:0.003581s ]

[ 2019-04-17T11:28:54+08:00 ] 127.0.0.1 /index.php/Home/Post/index/cid/16/p/Public/Home/images/20080926_9b2baec56b95a9ae46ab8ir8uBrEJQjx.gif
INFO: [ app_init ] --START--
INFO: Run Behavior\BuildLiteBehavior [ RunTime:0.000011s ]
INFO: [ app_init ] --END-- [ RunTime:0.000446s ]

[ 2019-04-17T11:28:54+08:00 ] 127.0.0.1 /index.php/Home/Post/index/cid/16/p/Public/Home/images/pn_post.png
INFO: [ app_init ] --START--
INFO: Run Behavior\BuildLiteBehavior [ RunTime:0.000007s ]
INFO: [ app_init ] --END-- [ RunTime:0.000324s ]

[ 2019-04-17T11:28:55+08:00 ] 127.0.0.1 /index.php/Home/Post/index/cid/16/p/Public/Home/images/20080926_9b2baec56b95a9ae46ab8ir8uBrEJQjx.gif
INFO: [ app_init ] --START--
INFO: Run Behavior\BuildLiteBehavior [ RunTime:0.000011s ]
INFO: [ app_init ] --END-- [ RunTime:0.000520s ]

[ 2019-04-17T11:28:55+08:00 ] 127.0.0.1 /index.php/Home/Post/index/cid/16/p/Public/Home/images/pn_post.png
INFO: [ app_init ] --START--
INFO: Run Behavior\BuildLiteBehavior [ RunTime:0.000006s ]
INFO: [ app_init ] --END-- [ RunTime:0.000391s ]

[ 2019-04-17T11:28:55+08:00 ] 127.0.0.1 /index.php/Home/Post/index/cid/16/p/Public/Home/images/20080926_9b2baec56b95a9ae46ab8ir8uBrEJQjx.gif
INFO: [ app_init ] --START--
INFO: Run Behavior\BuildLiteBehavior [ RunTime:0.000011s ]
INFO: [ app_init ] --END-- [ RunTime:0.000466s ]

[ 2019-04-17T11:28:55+08:00 ] 127.0.0.1 /index.php/Home/Post/index/cid/16/p/Public/Home/images/pn_post.png
INFO: [ app_init ] --START--
INFO: Run Behavior\BuildLiteBehavior [ RunTime:0.000007s ]
INFO: [ app_init ] --END-- [ RunTime:0.000295s ]

[ 2019-04-17T11:28:55+08:00 ] 127.0.0.1 /index.php/Home/Post/index/cid/16/p/Public/Home/images/pn_post.png
INFO: [ app_init ] --START--
INFO: Run Behavior\BuildLiteBehavior [ RunTime:0.000008s ]
INFO: [ app_init ] --END-- [ RunTime:0.000364s ]

[ 2019-04-17T11:28:55+08:00 ] 127.0.0.1 /index.php/Home/Post/index/cid/16/p/Public/Home/images/20080926_9b2baec56b95a9ae46ab8ir8uBrEJQjx.gif
INFO: [ app_init ] --START--
INFO: Run Behavior\BuildLiteBehavior [ RunTime:0.000008s ]
INFO: [ app_init ] --END-- [ RunTime:0.000342s ]

[ 2019-04-17T11:28:55+08:00 ] 127.0.0.1 /index.php/Home/Post/index/cid/16/p/Public/Home/images/pn_post.png
INFO: [ app_init ] --START--
INFO: Run Behavior\BuildLiteBehavior [ RunTime:0.000008s ]
INFO: [ app_init ] --END-- [ RunTime:0.000358s ]

[ 2019-04-17T11:28:55+08:00 ] 127.0.0.1 /index.php/Home/Post/index/cid/16/p/Public/Home/images/20080926_9b2baec56b95a9ae46ab8ir8uBrEJQjx.gif
INFO: [ app_init ] --START--
INFO: Run Behavior\BuildLiteBehavior [ RunTime:0.000008s ]
INFO: [ app_init ] --END-- [ RunTime:0.000373s ]

[ 2019-04-17T11:28:55+08:00 ] 127.0.0.1 /index.php/Home/Post/index/cid/16/p/Public/Home/images/20080926_9b2baec56b95a9ae46ab8ir8uBrEJQjx.gif
INFO: [ app_init ] --START--
INFO: Run Behavior\BuildLiteBehavior [ RunTime:0.000009s ]
INFO: [ app_init ] --END-- [ RunTime:0.000366s ]

[ 2019-04-17T11:28:55+08:00 ] 127.0.0.1 /index.php/Home/Post/index/cid/16/p/Public/Home/images/pn_post.png
INFO: [ app_init ] --START--
INFO: Run Behavior\BuildLiteBehavior [ RunTime:0.000005s ]
INFO: [ app_init ] --END-- [ RunTime:0.000240s ]

[ 2019-04-17T11:28:56+08:00 ] 127.0.0.1 /index.php/Home/Post/index/cid/16/p/Public/Home/images/pn_post.png
INFO: [ app_init ] --START--
INFO: Run Behavior\BuildLiteBehavior [ RunTime:0.000010s ]
INFO: [ app_init ] --END-- [ RunTime:0.000477s ]

[ 2019-04-17T11:28:56+08:00 ] 127.0.0.1 /index.php/Home/Post/index/cid/16/p/Public/Home/images/20080926_9b2baec56b95a9ae46ab8ir8uBrEJQjx.gif
INFO: [ app_init ] --START--
INFO: Run Behavior\BuildLiteBehavior [ RunTime:0.000009s ]
INFO: [ app_init ] --END-- [ RunTime:0.000431s ]

[ 2019-04-17T11:28:56+08:00 ] 127.0.0.1 /index.php/Home/Post/index/cid/16/p/Public/Home/images/pn_post.png
INFO: [ app_init ] --START--
INFO: Run Behavior\BuildLiteBehavior [ RunTime:0.000010s ]
INFO: [ app_init ] --END-- [ RunTime:0.000416s ]

[ 2019-04-17T11:28:56+08:00 ] 127.0.0.1 /index.php/Home/Post/index/cid/16/p/Public/Home/images/20080926_9b2baec56b95a9ae46ab8ir8uBrEJQjx.gif
INFO: [ app_init ] --START--
INFO: Run Behavior\BuildLiteBehavior [ RunTime:0.000010s ]
INFO: [ app_init ] --END-- [ RunTime:0.000421s ]

[ 2019-04-17T11:28:57+08:00 ] 127.0.0.1 /index.php/Home/Post/index/cid/16/p/Public/Home/images/pn_post.png
INFO: [ app_init ] --START--
INFO: Run Behavior\BuildLiteBehavior [ RunTime:0.000014s ]
INFO: [ app_init ] --END-- [ RunTime:0.000464s ]

[ 2019-04-17T11:28:57+08:00 ] 127.0.0.1 /index.php/Home/Post/index/cid/16/p/Public/Home/images/20080926_9b2baec56b95a9ae46ab8ir8uBrEJQjx.gif
INFO: [ app_init ] --START--
INFO: Run Behavior\BuildLiteBehavior [ RunTime:0.000014s ]
INFO: [ app_init ] --END-- [ RunTime:0.001419s ]

[ 2019-04-17T11:28:57+08:00 ] 127.0.0.1 /index.php/Home/Post/index/cid/16/p/Public/Home/images/20080926_9b2baec56b95a9ae46ab8ir8uBrEJQjx.gif
INFO: [ app_init ] --START--
INFO: Run Behavior\BuildLiteBehavior [ RunTime:0.000010s ]
INFO: [ app_init ] --END-- [ RunTime:0.000415s ]

[ 2019-04-17T11:28:57+08:00 ] 127.0.0.1 /index.php/Home/Post/index/cid/16/p/Public/Home/images/pn_post.png
INFO: [ app_init ] --START--
INFO: Run Behavior\BuildLiteBehavior [ RunTime:0.000008s ]
INFO: [ app_init ] --END-- [ RunTime:0.000332s ]

[ 2019-04-17T11:28:57+08:00 ] 127.0.0.1 /index.php/Home/Post/index/cid/16/p/Public/Home/images/pn_post.png
INFO: [ app_init ] --START--
INFO: Run Behavior\BuildLiteBehavior [ RunTime:0.000007s ]
INFO: [ app_init ] --END-- [ RunTime:0.000425s ]

[ 2019-04-17T11:28:57+08:00 ] 127.0.0.1 /index.php/Home/Post/index/cid/16/p/Public/Home/images/20080926_9b2baec56b95a9ae46ab8ir8uBrEJQjx.gif
INFO: [ app_init ] --START--
INFO: Run Behavior\BuildLiteBehavior [ RunTime:0.000047s ]
INFO: [ app_init ] --END-- [ RunTime:0.002849s ]

[ 2019-04-17T11:29:09+08:00 ] 127.0.0.1 /index.php/Home/Post/index/cid/16/p/Public/Home/images/pn_post.png
INFO: [ app_init ] --START--
INFO: Run Behavior\BuildLiteBehavior [ RunTime:0.000017s ]
INFO: [ app_init ] --END-- [ RunTime:0.000368s ]

[ 2019-04-17T11:29:09+08:00 ] 127.0.0.1 /index.php/Home/Post/index/cid/16/p/Public/Home/images/20080926_9b2baec56b95a9ae46ab8ir8uBrEJQjx.gif
INFO: [ app_init ] --START--
INFO: Run Behavior\BuildLiteBehavior [ RunTime:0.000007s ]
INFO: [ app_init ] --END-- [ RunTime:0.000324s ]

[ 2019-04-17T11:30:55+08:00 ] 127.0.0.1 /index.php/Home/Post/index/cid/16/p/Public/Home/images/20080926_9b2baec56b95a9ae46ab8ir8uBrEJQjx.gif
INFO: [ app_init ] --START--
INFO: Run Behavior\BuildLiteBehavior [ RunTime:0.000012s ]
INFO: [ app_init ] --END-- [ RunTime:0.000823s ]

[ 2019-04-17T11:30:56+08:00 ] 127.0.0.1 /index.php/Home/Post/index/cid/16/p/Public/Home/images/20080926_9b2baec56b95a9ae46ab8ir8uBrEJQjx.gif
INFO: [ app_init ] --START--
INFO: Run Behavior\BuildLiteBehavior [ RunTime:0.000011s ]
INFO: [ app_init ] --END-- [ RunTime:0.000599s ]

[ 2019-04-17T11:45:21+08:00 ] 127.0.0.1 /index.php?m=index&c=post&a=index&search=
INFO: [ app_init ] --START--
INFO: Run Behavior\BuildLiteBehavior [ RunTime:0.000005s ]
INFO: [ app_init ] --END-- [ RunTime:0.000229s ]
ERR: 无法加载模块:Index

[ 2019-04-17T11:47:14+08:00 ] 127.0.0.1 /index.php?m=index&c=post&a=index&search=
INFO: [ app_init ] --START--
INFO: Run Behavior\BuildLiteBehavior [ RunTime:0.000006s ]
INFO: [ app_init ] --END-- [ RunTime:0.000279s ]
ERR: 无法加载模块:Index

[ 2019-04-17T11:47:14+08:00 ] 127.0.0.1 /index.php?m=index&c=post&a=index&search=
INFO: [ app_init ] --START--
INFO: Run Behavior\BuildLiteBehavior [ RunTime:0.000017s ]
INFO: [ app_init ] --END-- [ RunTime:0.000549s ]
ERR: 无法加载模块:Index

[ 2019-04-17T11:47:18+08:00 ] 127.0.0.1 /index.php?m=index&c=post&a=index
INFO: [ app_init ] --START--
INFO: Run Behavior\BuildLiteBehavior [ RunTime:0.000005s ]
INFO: [ app_init ] --END-- [ RunTime:0.000228s ]
ERR: 无法加载模块:Index

[ 2019-04-17T11:47:34+08:00 ] 127.0.0.1 /index.php?m=index&c=post&a=index
INFO: [ app_init ] --START--
INFO: Run Behavior\BuildLiteBehavior [ RunTime:0.000005s ]
INFO: [ app_init ] --END-- [ RunTime:0.000244s ]
ERR: 无法加载模块:Index

[ 2019-04-17T11:57:18+08:00 ] 127.0.0.1 /Public/static/image/common/pn.png
INFO: [ app_init ] --START--
INFO: Run Behavior\BuildLiteBehavior [ RunTime:0.000008s ]
INFO: [ app_init ] --END-- [ RunTime:0.000361s ]

[ 2019-04-17T11:57:18+08:00 ] 127.0.0.1 /Public/static/image/common/midavt_shadow.gif
INFO: [ app_init ] --START--
INFO: Run Behavior\BuildLiteBehavior [ RunTime:0.000009s ]
INFO: [ app_init ] --END-- [ RunTime:0.000602s ]

[ 2019-04-17T12:04:21+08:00 ] 127.0.0.1 /Public/static/image/common/pn.png
INFO: [ app_init ] --START--
INFO: Run Behavior\BuildLiteBehavior [ RunTime:0.000009s ]
INFO: [ app_init ] --END-- [ RunTime:0.000386s ]

[ 2019-04-17T12:04:21+08:00 ] 127.0.0.1 /Public/static/image/common/midavt_shadow.gif
INFO: [ app_init ] --START--
INFO: Run Behavior\BuildLiteBehavior [ RunTime:0.000009s ]
INFO: [ app_init ] --END-- [ RunTime:0.000487s ]

[ 2019-04-17T12:14:58+08:00 ] 127.0.0.1 /Public/static/image/common/px.png
INFO: [ app_init ] --START--
INFO: Run Behavior\BuildLiteBehavior [ RunTime:0.000008s ]
INFO: [ app_init ] --END-- [ RunTime:0.000401s ]

[ 2019-04-17T13:53:25+08:00 ] 127.0.0.1 /messenger-front/get?c=nN640gDS6JvhLGVcrlwz0bCRKXVHrYH%2FaQAyyzd3n2EbhMNDqGBFxgtZV2dMc2Q1uyAKSTrV5jxQxUm13WigbJMg96HaRL2cTB7QK6BGuerVU6%2Bw8sP1wCTenycrSkpg9jJcWf2q6hirkwLw3xMQiydLYQMkpcN6jjs7ptGzmp7osxJFE2lp6%2FFiPpsxR5hoiC%2Bdeu3zaQNRIyMFE2Fc03%2BqP96d%2FKzlAFW%2F45DN1Z7gXPYidqu4TSGOT5UoVO2FWgieRm7DbdRzZch4czM3IQY231CKsS4jVmgLeIBvL%2BcnL%2FmrmSQDssJk90PxJFjCEtEh8sBDTHdHKGi%2BeN5kyLgtkcOaVd5dCQ17MNa5YmRutH0pj86kdbz%2BayXRe8cbAyDjXgAIQUSj3bpqF07ZKjDdUZIeWPYvRiaD3CVRHcb5CJPeDWsX9c7kRs5KRNeBrG7Shpug7FnJT88Dmi9Q7ZH2SpmFg4yJSooL3htX5jc%2Fka7Nelv2TTd6jUlyIQ%2ByQlGYhe4QGmo7S%2FfnVUSSGaI4ndWbh7hw9M2pjMoWFuBjC%2FSEQ88cMaCtHhg41Ag%2FfnrByI2XEzEwbKj5O7fFV9c9LWF%2BZsE8XX1JbAPMwz3xPTTR1OLlDFKIAZPgzH%2FuPUboj32RWEv52rAJuHPN64lI9iDtNoosuV1AWQo%2BtfKljoEbrf26F8z4g1JF8Zgo&v=1
INFO: [ app_init ] --START--
INFO: Run Behavior\BuildLiteBehavior [ RunTime:0.000010s ]
INFO: [ app_init ] --END-- [ RunTime:0.000435s ]
ERR: 无法加载模块:Messenger-front

[ 2019-04-17T15:36:33+08:00 ] 127.0.0.1 /Public/static/image/common/px.png
INFO: [ app_init ] --START--
INFO: Run Behavior\BuildLiteBehavior [ RunTime:0.000012s ]
INFO: [ app_init ] --END-- [ RunTime:0.000508s ]

[ 2019-04-17T15:36:39+08:00 ] 127.0.0.1 /Public/static/image/common/pn.png
INFO: [ app_init ] --START--
INFO: Run Behavior\BuildLiteBehavior [ RunTime:0.000008s ]
INFO: [ app_init ] --END-- [ RunTime:0.000333s ]

[ 2019-04-17T15:36:39+08:00 ] 127.0.0.1 /Public/static/image/common/midavt_shadow.gif
INFO: [ app_init ] --START--
INFO: Run Behavior\BuildLiteBehavior [ RunTime:0.000014s ]
INFO: [ app_init ] --END-- [ RunTime:0.000538s ]

[ 2019-04-17T15:40:58+08:00 ] 127.0.0.1 /Public/static/image/common/pn.png
INFO: [ app_init ] --START--
INFO: Run Behavior\BuildLiteBehavior [ RunTime:0.000012s ]
INFO: [ app_init ] --END-- [ RunTime:0.000625s ]

[ 2019-04-17T15:40:58+08:00 ] 127.0.0.1 /Public/static/image/common/midavt_shadow.gif
INFO: [ app_init ] --START--
INFO: Run Behavior\BuildLiteBehavior [ RunTime:0.000009s ]
INFO: [ app_init ] --END-- [ RunTime:0.000528s ]

[ 2019-04-17T15:53:25+08:00 ] 127.0.0.1 /messenger-front/get?c=nN640gDS6JvhLGVcrlwz0bCRKXVHrYH%2FaQAyyzd3n2EbhMNDqGBFxgtZV2dMc2Q1uyAKSTrV5jxQxUm13WigbJMg96HaRL2cTB7QK6BGuerVU6%2Bw8sP1wCTenycrSkpg9jJcWf2q6hirkwLw3xMQiydLYQMkpcN6jjs7ptGzmp7osxJFE2lp6%2FFiPpsxR5hoiC%2Bdeu3zaQNRIyMFE2Fc03%2BqP96d%2FKzlAFW%2F45DN1Z7gXPYidqu4TSGOT5UoVO2FWgieRm7DbdRzZch4czM3IQY231CKsS4jVmgLeIBvL%2BcnL%2FmrmSQDssJk90PxJFjCEtEh8sBDTHdHKGi%2BeN5kyLgtkcOaVd5dCQ17MNa5YmRutH0pj86kdbz%2BayXRe8cbAyDjXgAIQUSj3bpqF07ZKjDdUZIeWPYvRiaD3CVRHcb5CJPeDWsX9c7kRs5KRNeBrG7Shpug7FnJT88Dmi9Q7ZH2SpmFg4yJSooL3htX5jc%2Fka7Nelv2TTd6jUlyIQ%2ByQlGYhe4QGmo7S%2FfnVUSSGaI4ndWbh7hw9M2pjMoWFuBjC%2FSEQ88cMaCtHhg41Ag%2FfnrByI2XEzEwbKj5O7fFV9c9LWF%2BZsE8XX1JbAPMwz3xPTTR1OLlDFKIAZPgzH%2FuPUboj32RWEv52rAJuHPN64lI9iDtNoosuV1AWQo%2BtfKljoEbrf26F8z4g1JF8Zgo&v=1
INFO: [ app_init ] --START--
INFO: Run Behavior\BuildLiteBehavior [ RunTime:0.000005s ]
INFO: [ app_init ] --END-- [ RunTime:0.000273s ]
ERR: 无法加载模块:Messenger-front

[ 2019-04-17T16:58:42+08:00 ] 127.0.0.1 /Public/static/image/common/pn.png
INFO: [ app_init ] --START--
INFO: Run Behavior\BuildLiteBehavior [ RunTime:0.000009s ]
INFO: [ app_init ] --END-- [ RunTime:0.000443s ]

[ 2019-04-17T16:58:42+08:00 ] 127.0.0.1 /Public/static/image/common/midavt_shadow.gif
INFO: [ app_init ] --START--
INFO: Run Behavior\BuildLiteBehavior [ RunTime:0.000015s ]
INFO: [ app_init ] --END-- [ RunTime:0.000563s ]

[ 2019-04-17T19:33:00+08:00 ] 127.0.0.1 /messenger-front/get?c=nN640gDS6JvhLGVcrlwz0bCRKXVHrYH%2FaQAyyzd3n2EbhMNDqGBFxgtZV2dMc2Q1uyAKSTrV5jxQxUm13WigbJMg96HaRL2cTB7QK6BGuerVU6%2Bw8sP1wCTenycrSkpg9jJcWf2q6hirkwLw3xMQiydLYQMkpcN6jjs7ptGzmp7osxJFE2lp6%2FFiPpsxR5hoiC%2Bdeu3zaQNRIyMFE2Fc03%2BqP96d%2FKzlAFW%2F45DN1Z7gXPYidqu4TSGOT5UoVO2FWgieRm7DbdRzZch4czM3IQY231CKsS4jVmgLeIBvL%2BcnL%2FmrmSQDssJk90PxJFjCEtEh8sBDTHdHKGi%2BeN5kyLgtkcOaVd5dCQ17MNa5YmRutH0pj86kdbz%2BayXRe8cbAyDjXgAIQUSj3bpqF07ZKjDdUZIeWPYvRiaD3CVRHcb5CJPeDWsX9c7kRs5KRNeBrG7Shpug7FnJT88Dmi9Q7ZH2SpmFg4yJSooL3htX5jc%2Fka7Nelv2TTd6jUlyIQ%2ByQlGYhe4QGmo7S%2FfnVUSSGaI4ndWbh7hw9M2pjMoWFuBjC%2FSEQ88cMaCtHhg41Ag%2FfnrByI2XEzEwbKj5O7fFV9c9LWF%2BZsE8XX1JbAPMwz3xPTTR1OLlDFKIAZPgzH%2FuPUboj32RWEv52rAJuHPN64lI9iDtNoosuV1AWQo%2BtfKljoEbrf26F8z4g1JF8Zgo&v=1
INFO: [ app_init ] --START--
INFO: Run Behavior\BuildLiteBehavior [ RunTime:0.000007s ]
INFO: [ app_init ] --END-- [ RunTime:0.000278s ]
ERR: 无法加载模块:Messenger-front

[ 2019-04-17T21:32:59+08:00 ] 127.0.0.1 /messenger-front/get?c=nN640gDS6JvhLGVcrlwz0bCRKXVHrYH%2FaQAyyzd3n2EbhMNDqGBFxgtZV2dMc2Q1uyAKSTrV5jxQxUm13WigbJMg96HaRL2cTB7QK6BGuerVU6%2Bw8sP1wCTenycrSkpg9jJcWf2q6hirkwLw3xMQiydLYQMkpcN6jjs7ptGzmp7osxJFE2lp6%2FFiPpsxR5hoiC%2Bdeu3zaQNRIyMFE2Fc03%2BqP96d%2FKzlAFW%2F45DN1Z7gXPYidqu4TSGOT5UoVO2FWgieRm7DbdRzZch4czM3IQY231CKsS4jVmgLeIBvL%2BcnL%2FmrmSQDssJk90PxJFjCEtEh8sBDTHdHKGi%2BeN5kyLgtkcOaVd5dCQ17MNa5YmRutH0pj86kdbz%2BayXRe8cbAyDjXgAIQUSj3bpqF07ZKjDdUZIeWPYvRiaD3CVRHcb5CJPeDWsX9c7kRs5KRNeBrG7Shpug7FnJT88Dmi9Q7ZH2SpmFg4yJSooL3htX5jc%2Fka7Nelv2TTd6jUlyIQ%2ByQlGYhe4QGmo7S%2FfnVUSSGaI4ndWbh7hw9M2pjMoWFuBjC%2FSEQ88cMaCtHhg41Ag%2FfnrByI2XEzEwbKj5O7fFV9c9LWF%2BZsE8XX1JbAPMwz3xPTTR1OLlDFKIAZPgzH%2FuPUboj32RWEv52rAJuHPN64lI9iDtNoosuV1AWQo%2BtfKljoEbrf26F8z4g1JF8Zgo&v=1
INFO: [ app_init ] --START--
INFO: Run Behavior\BuildLiteBehavior [ RunTime:0.048271s ]
INFO: [ app_init ] --END-- [ RunTime:0.064109s ]
ERR: 无法加载模块:Messenger-front

[ 2019-04-17T21:51:58+08:00 ] 127.0.0.1 /favicon.ico
INFO: [ app_init ] --START--
INFO: Run Behavior\BuildLiteBehavior [ RunTime:0.000010s ]
INFO: [ app_init ] --END-- [ RunTime:0.000438s ]

[ 2019-04-17T21:57:10+08:00 ] 127.0.0.1 /Public/static/image/common/pn.png
INFO: [ app_init ] --START--
INFO: Run Behavior\BuildLiteBehavior [ RunTime:0.000011s ]
INFO: [ app_init ] --END-- [ RunTime:0.001647s ]

[ 2019-04-17T21:57:10+08:00 ] 127.0.0.1 /Public/static/image/common/midavt_shadow.gif
INFO: [ app_init ] --START--
INFO: Run Behavior\BuildLiteBehavior [ RunTime:0.000017s ]
INFO: [ app_init ] --END-- [ RunTime:0.000672s ]

